Log file open, 01/17/18 10:53:36
LogInit:Display: Running engine for game: BattleTank
LogPlatformFile: Not using cached read wrapper
LogInit:Display: RandInit(1934660995) SRandInit(1934660995).
LogTaskGraph: Started task graph with 5 named threads and 8 total threads with 1 sets of task threads.
LogStats: Stats thread started at 0.085646
LogInit: Using libcurl 7.47.1
LogInit:  - built for x86_64-pc-win32
LogInit:  - supports SSL with OpenSSL/1.0.2g
LogInit:  - supports HTTP deflate (compression) using libz 1.2.8
LogInit:  - other features:
LogInit:      CURL_VERSION_SSL
LogInit:      CURL_VERSION_LIBZ
LogInit:      CURL_VERSION_IPV6
LogInit:      CURL_VERSION_ASYNCHDNS
LogInit:      CURL_VERSION_LARGEFILE
LogInit:      CURL_VERSION_IDN
LogInit:  CurlRequestOptions (configurable via config and command line):
LogInit:  - bVerifyPeer = false  - Libcurl will NOT verify peer certificate
LogInit:  - bUseHttpProxy = false  - Libcurl will NOT use HTTP proxy
LogInit:  - bDontReuseConnections = false  - Libcurl will reuse connections
LogInit:  - CertBundlePath = nullptr  - Libcurl will use whatever was configured at build time.
LogInit: Build: ++UE4+Release-4.15-CL-3450819
LogInit: Engine Version: 4.15.3-3450819+++UE4+Release-4.15
LogInit: Compatible Engine Version: 4.15.0-3299760+++UE4+Release-4.15
LogInit: Net CL: 3299760
LogDevObjectVersion: Number of dev versions registered: 14
LogDevObjectVersion:   Dev-Blueprints (B0D832E4-1F89-4F0D-ACCF-7EB736FD4AA2): 8
LogDevObjectVersion:   Dev-Build (E1C64328-A22C-4D53-A36C-8E866417BD8C): 0
LogDevObjectVersion:   Dev-Core (375EC13C-06E4-48FB-B500-84F0262A717E): 2
LogDevObjectVersion:   Dev-Editor (E4B068ED-F494-42E9-A231-DA0B2E46BB41): 14
LogDevObjectVersion:   Dev-Framework (CFFC743F-43B0-4480-9391-14DF171D2073): 22
LogDevObjectVersion:   Dev-Mobile (B02B49B5-BB20-44E9-A304-32B752E40360): 0
LogDevObjectVersion:   Dev-Networking (A4E4105C-59A1-49B5-A7C5-40C4547EDFEE): 0
LogDevObjectVersion:   Dev-Online (39C831C9-5AE6-47DC-9A44-9C173E1C8E7C): 0
LogDevObjectVersion:   Dev-Physics (78F01B33-EBEA-4F98-B9B4-84EACCB95AA2): 0
LogDevObjectVersion:   Dev-Platform (6631380F-2D4D-43E0-8009-CF276956A95A): 0
LogDevObjectVersion:   Dev-Rendering (12F88B9F-8875-4AFC-A67C-D90C383ABD29): 12
LogDevObjectVersion:   Dev-Sequencer (7B5AE74C-D270-4C10-A958-57980B212A5A): 3
LogDevObjectVersion:   Dev-VR (D7296918-1DD6-4BDD-9DE2-64A83CC13884): 0
LogDevObjectVersion:   Dev-LoadTimes (C2A15278-BFE7-4AFE-6C17-90FF531DF755): 1
LogInit: Compiled (64-bit): May 21 2017 11:02:34
LogInit: Compiled with Visual C++: 19.00.23026.00
LogInit: Build Configuration: Development
LogInit: Branch Name: ++UE4+Release-4.15
LogInit: Command line: -EpicPortal 
LogInit: Base directory: E:/UE_4.15/Engine/Binaries/Win64/
LogInit: Installed Engine Build: 1
LogInit: Presizing for max 8388607 objects, including 0 objects not considered by GC, pre-allocating 0 bytes for permanent pool.
LogInit: Object subsystem initialized
[2018.01.17-15.53.37:433][  0]LogInit: Selected Device Profile: [Windows]
[2018.01.17-15.53.37:433][  0]LogInit: Applying CVar settings loaded from the selected device profile: [Windows]
[2018.01.17-15.53.37:472][  0]LogInit: Computer: LYSANDER-PC
[2018.01.17-15.53.37:472][  0]LogInit: User: Lysander
[2018.01.17-15.53.37:472][  0]LogInit: CPU Page size=65536, Cores=4
[2018.01.17-15.53.37:472][  0]LogInit: High frequency timer resolution =3.897231 MHz
[2018.01.17-15.53.37:473][  0]LogMemory: Memory total: Physical=8.0GB (8GB approx)
[2018.01.17-15.53.37:473][  0]LogMemory: Platform Memory Stats for Windows
[2018.01.17-15.53.37:473][  0]LogMemory: Process Physical Memory: 264.47 MB used, 264.47 MB peak
[2018.01.17-15.53.37:473][  0]LogMemory: Process Virtual Memory: 262.19 MB used, 262.19 MB peak
[2018.01.17-15.53.37:473][  0]LogMemory: Physical Memory: 4450.60 MB used,  3692.20 MB free, 8142.80 MB total
[2018.01.17-15.53.37:473][  0]LogMemory: Virtual Memory: 678.69 MB used,  3692.20 MB free, 134217728.00 MB total
[2018.01.17-15.53.37:530][  0]LogTextLocalizationManager: No specific translations for ('en-US') exist, so ('en') translations will be used.
[2018.01.17-15.53.38:087][  0]LogD3D11RHI: D3D11 adapters:
[2018.01.17-15.53.38:135][  0]LogD3D11RHI:    0. 'NVIDIA GeForce GTX 1080' (Feature Level 11_0)
[2018.01.17-15.53.38:136][  0]LogD3D11RHI:       8086/0/4071 MB DedicatedVideo/DedicatedSystem/SharedSystem, Outputs:1, VendorId:0x10de
[2018.01.17-15.53.38:138][  0]LogD3D11RHI:    1. 'Microsoft Basic Render Driver' (Feature Level 11_0)
[2018.01.17-15.53.38:138][  0]LogD3D11RHI:       0/0/4071 MB DedicatedVideo/DedicatedSystem/SharedSystem, Outputs:0, VendorId:0x1414
[2018.01.17-15.53.38:138][  0]LogD3D11RHI: Chosen D3D11 Adapter: 0
[2018.01.17-15.53.38:143][  0]LogD3D11RHI: Creating new Direct3DDevice
[2018.01.17-15.53.38:143][  0]LogD3D11RHI:     GPU DeviceId: 0x1b80 (for the marketing name, search the web for "GPU Device Id")
[2018.01.17-15.53.38:143][  0]LogWindows: EnumDisplayDevices:
[2018.01.17-15.53.38:143][  0]LogWindows:    0. 'NVIDIA GeForce GTX 1080' (P:1 D:1)
[2018.01.17-15.53.38:143][  0]LogWindows:    1. 'NVIDIA GeForce GTX 1080' (P:0 D:0)
[2018.01.17-15.53.38:143][  0]LogWindows:    2. 'NVIDIA GeForce GTX 1080' (P:0 D:0)
[2018.01.17-15.53.38:143][  0]LogWindows:    3. 'NVIDIA GeForce GTX 1080' (P:0 D:0)
[2018.01.17-15.53.38:143][  0]LogWindows: DebugString: GetVideoDriverDetailsInvalid PrimaryIsNotTheChoosenAdapter GetVideoDriverDetailsInvalid PrimaryIsNotTheChoosenAdapter GetVideoDriverDetailsInvalid PrimaryIsNotTheChoosenAdapter GetVideoDriverDetailsInvalid PrimaryIsNotTheChoosenAdapter FoundDriverCount:0 
[2018.01.17-15.53.38:143][  0]LogD3D11RHI:     Adapter Name: NVIDIA GeForce GTX 1080
[2018.01.17-15.53.38:143][  0]LogD3D11RHI:   Driver Version: Unknown (internal:Unknown, unified:Unknown)
[2018.01.17-15.53.38:143][  0]LogD3D11RHI:      Driver Date: Unknown
[2018.01.17-15.53.38:143][  0]LogRHI: Texture pool is 1361 MB (70% of 1945 MB)
[2018.01.17-15.53.38:164][  0]LogD3D11RHI: Async texture creation enabled
[2018.01.17-15.53.38:189][  0]LogD3D11RHI: GPU Timing Frequency: 1000.000000 (Debug: 2 1)
[2018.01.17-15.53.38:231][  0]LogShaderCompilers: Guid format shader working directory is 6 characters bigger than the processId version (../../../../repos/04_BattleTank/BattleTank/Intermediate/Shaders/WorkingDirectory/15800/).
[2018.01.17-15.53.38:231][  0]LogShaderCompilers: Cleaned the shader compiler working directory 'C:/Users/Lysander/AppData/Local/Temp/UnrealShaderWorkingDir/527D0ADC4EB1A02EBF920EA327104891/'.
[2018.01.17-15.53.38:231][  0]LogShaderCompilers:Display: Using Local Shader Compiler.
[2018.01.17-15.53.39:169][  0]LogTemp:Display: Loaded TP AllDesktopTargetPlatform
[2018.01.17-15.53.39:205][  0]LogTemp:Display: Loaded TP MacClientTargetPlatform
[2018.01.17-15.53.39:240][  0]LogTemp:Display: Loaded TP MacNoEditorTargetPlatform
[2018.01.17-15.53.39:289][  0]LogTemp:Display: Loaded TP MacServerTargetPlatform
[2018.01.17-15.53.39:335][  0]LogTemp:Display: Loaded TP MacTargetPlatform
[2018.01.17-15.53.39:383][  0]LogTemp:Display: Loaded TP WindowsClientTargetPlatform
[2018.01.17-15.53.39:419][  0]LogTemp:Display: Loaded TP WindowsNoEditorTargetPlatform
[2018.01.17-15.53.39:455][  0]LogTemp:Display: Loaded TP WindowsServerTargetPlatform
[2018.01.17-15.53.39:483][  0]LogTemp:Display: Loaded TP WindowsTargetPlatform
[2018.01.17-15.53.39:518][  0]LogTemp:Display: Loaded TP AndroidTargetPlatform
[2018.01.17-15.53.39:552][  0]LogTemp:Display: Loaded TP Android_ASTCTargetPlatform
[2018.01.17-15.53.39:591][  0]LogTemp:Display: Loaded TP Android_ATCTargetPlatform
[2018.01.17-15.53.39:626][  0]LogTemp:Display: Loaded TP Android_DXTTargetPlatform
[2018.01.17-15.53.39:661][  0]LogTemp:Display: Loaded TP Android_ETC1TargetPlatform
[2018.01.17-15.53.39:698][  0]LogTemp:Display: Loaded TP Android_ETC2TargetPlatform
[2018.01.17-15.53.39:774][  0]LogTemp:Display: Loaded TP Android_MultiTargetPlatform
[2018.01.17-15.53.39:774][  0]LogTemp:Display: Loaded TP Android_PVRTCTargetPlatform
[2018.01.17-15.53.39:797][  0]LogTemp:Display: Loaded TP HTML5TargetPlatform
[2018.01.17-15.53.39:867][  0]LogTemp:Display: Loaded TP IOSTargetPlatform
[2018.01.17-15.53.39:890][  0]LogTemp:Display: Loaded TP TVOSTargetPlatform
[2018.01.17-15.53.39:925][  0]LogTemp:Display: Loaded TP LinuxClientTargetPlatform
[2018.01.17-15.53.39:960][  0]LogTemp:Display: Loaded TP LinuxNoEditorTargetPlatform
[2018.01.17-15.53.39:995][  0]LogTemp:Display: Loaded TP LinuxServerTargetPlatform
[2018.01.17-15.53.40:030][  0]LogTemp:Display: Loaded TP LinuxTargetPlatform
[2018.01.17-15.53.40:030][  0]LogTargetPlatformManager:Display: Building Assets For Windows
[2018.01.17-15.53.40:290][  0]LogDerivedDataCache:Display: Max Cache Size: 512 MB
[2018.01.17-15.53.40:324][  0]LogDerivedDataCache: Loaded boot cache 0.03s 50MB C:/Users/Lysander/AppData/Local/UnrealEngine/4.15/DerivedDataCache/Boot.ddc.
[2018.01.17-15.53.40:324][  0]LogDerivedDataCache:Display: Loaded Boot cache: C:/Users/Lysander/AppData/Local/UnrealEngine/4.15/DerivedDataCache/Boot.ddc
[2018.01.17-15.53.40:324][  0]LogDerivedDataCache: FDerivedDataBackendGraph:  Pak pak cache file ../../../../repos/04_BattleTank/BattleTank/DerivedDataCache/DDC.ddp not found, will not use a pak cache.
[2018.01.17-15.53.40:324][  0]LogDerivedDataCache: Unable to find inner node Pak for hierarchical cache Hierarchy.
[2018.01.17-15.53.40:324][  0]LogDerivedDataCache: FDerivedDataBackendGraph:  CompressedPak pak cache file ../../../../repos/04_BattleTank/BattleTank/DerivedDataCache/Compressed.ddp not found, will not use a pak cache.
[2018.01.17-15.53.40:324][  0]LogDerivedDataCache: Unable to find inner node CompressedPak for hierarchical cache Hierarchy.
[2018.01.17-15.53.40:338][  0]LogDerivedDataCache:Display: Pak cache opened for reading ../../../Engine/DerivedDataCache/Compressed.ddp.
[2018.01.17-15.53.40:350][  0]LogDerivedDataCache: Using Local data cache path C:/Users/Lysander/AppData/Local/UnrealEngine/Common/DerivedDataCache: Writable
[2018.01.17-15.53.40:357][  0]LogSlate: Using Freetype 2.6.0
[2018.01.17-15.53.40:358][  0]LogSlate: SlateFontCache - WITH_FREETYPE: 1, WITH_HARFBUZZ: 1
[2018.01.17-15.53.40:358][  0]LogSlate: SlateFontCache - WITH_FREETYPE: 1, WITH_HARFBUZZ: 1
[2018.01.17-15.53.40:602][  0]LogInit: Selected Device Profile: [Windows]
[2018.01.17-15.53.40:604][  0]LogContentStreaming: Texture pool size is 0.00 MB
[2018.01.17-15.53.40:761][  0]LogMeshUtilities: Using QuadricMeshReduction for automatic static mesh reduction
[2018.01.17-15.53.40:787][  0]LogSimplygon: Simplygon DLL not present - disabling.
[2018.01.17-15.53.40:818][  0]LogMeshUtilities: Using SimplygonSwarm for distributed automatic mesh merging
[2018.01.17-15.53.40:818][  0]LogMeshUtilities: No automatic skeletal mesh reduction module available
[2018.01.17-15.53.40:818][  0]LogMeshUtilities: No automatic mesh merging module available
[2018.01.17-15.53.41:298][  0]LogNetVersion: GetLocalNetworkVersion: CL: 3299760, ProjectName: battletank, ProjectVersion: , EngineNetworkVersion: 2, GameNetworkVersion: 0, NetworkChecksum: 2512795372
[2018.01.17-15.53.41:334][  0]LogAssetRegistry: FAssetRegistry took 0.0219 seconds to start up
[2018.01.17-15.53.41:364][  0]LogPackageLocalizationCache: Processed 3 localized package path(s) for 2 prioritized culture(s) in 0.019305 seconds
[2018.01.17-15.53.41:369][  0]LogUObjectArray: 32493 objects as part of root set at end of initial load.
[2018.01.17-15.53.41:369][  0]LogUObjectAllocator: 7077024 out of 0 bytes used by permanent object pool.
[2018.01.17-15.53.41:369][  0]LogUObjectArray: CloseDisregardForGC: 0/0 objects in disregard for GC pool
[2018.01.17-15.53.41:404][  0]LogInit: WinSock: version 1.1 (2.2), MaxSocks=32767, MaxUdp=65467
[2018.01.17-15.53.42:672][  0]LogTcpMessaging: Initializing TcpMessaging bridge
[2018.01.17-15.53.42:710][  0]LogUdpMessaging: Initializing bridge on interface 0.0.0.0:0 to multicast group 230.0.0.1:6666.
[2018.01.17-15.53.43:105][  0]LogMaterial: Uniform references updated for custom material expression Custom.
[2018.01.17-15.53.43:366][  0]SourceControl: Info Source control is disabled
[2018.01.17-15.53.43:405][  0]SourceControl: Info Source control is disabled
[2018.01.17-15.53.43:445][  0]SourceControl: Info Source control is disabled
[2018.01.17-15.53.43:476][  0]SourceControl: Info Source control is disabled
[2018.01.17-15.53.44:422][  0]LogEngine: Initializing Engine...
[2018.01.17-15.53.44:422][  0]LogHMD: Failed to initialize OpenVR with code 110
[2018.01.17-15.53.44:502][  0]LogStats: UGameplayTagsManager::ConstructGameplayTagTree: Construct from data asset -  0.000 s
[2018.01.17-15.53.44:502][  0]LogStats: UGameplayTagsManager::ConstructGameplayTagTree: GameplayTagTreeChangedEvent.Broadcast -  0.000 s
[2018.01.17-15.53.44:575][  0]LogAIModule: Creating AISystem for world Untitled
[2018.01.17-15.53.44:583][  0]LogInit: XAudio2 using 'Speakers (High Definition Audio Device)' : 2 channels at 48 kHz using 16 bits per sample (channel mask 0x3)
[2018.01.17-15.53.44:602][  0]LogInit: FAudioDevice initialized.
[2018.01.17-15.53.44:622][  0]LogDerivedDataCache: Saved boot cache 0.02s 50MB C:/Users/Lysander/AppData/Local/UnrealEngine/4.15/DerivedDataCache/Boot.ddc.
[2018.01.17-15.53.44:627][  0]LogInit: Texture streaming: Enabled
[2018.01.17-15.53.44:679][  0]LogEngineSessionManager: EngineSessionManager initialized
[2018.01.17-15.53.44:761][  0]LogInit: Transaction tracking system initialized
[2018.01.17-15.53.44:988][  0]BlueprintLog: New page: Editor Load
[2018.01.17-15.53.45:533][  0]LocalizationService: Info Localization service is disabled
[2018.01.17-15.53.46:511][  0]LogConsoleResponse:Display: 
[2018.01.17-15.53.46:794][  0]LogCook:Display: Max memory allowance for cook 16384mb min free memory 0mb
[2018.01.17-15.53.46:794][  0]LogCook:Display: Mobile HDR setting 1
[2018.01.17-15.53.47:041][  0]LogFileCache: Scanning file cache for directory 'E:/repos/04_BattleTank/BattleTank/Content/' took 0.06s
[2018.01.17-15.53.47:487][  0]SourceControl: Info Source control is disabled
[2018.01.17-15.53.47:487][  0]Cmd: MAP LOAD FILE="../../../Engine/Content/Maps/Templates/Template_Default.umap" TEMPLATE=1 SHOWPROGRESS=1 FEATURELEVEL=3
[2018.01.17-15.53.47:488][  0]LightingResults: New page: Lighting Build
[2018.01.17-15.53.47:512][  0]MapCheck: New page: Map Check
[2018.01.17-15.53.47:512][  0]LightingResults: New page: Lighting Build
[2018.01.17-15.53.47:661][  0]LogAIModule: Creating AISystem for world Untitled_1
[2018.01.17-15.53.47:674][  0]LogActorComponent: RegisterComponentWithWorld: (/Temp/Untitled_1.Untitled_1:PersistentLevel.WorldSettings_1.StaticMeshComponent0) Trying to register component with IsPendingKill() == true. Aborting.
[2018.01.17-15.53.47:677][  0]LogEditorServer: Finished looking for orphan Actors (0.000 secs)
[2018.01.17-15.53.47:679][  0]Cmd: MAP CHECKDEP NOCLEARLOG
[2018.01.17-15.53.47:712][  0]MapCheck: Info Map check complete: 0 Error(s), 0 Warning(s), took 32.426ms to complete.
[2018.01.17-15.53.47:712][  0]LogFileHelpers: Loading map 'Template_Default' took 0.225
[2018.01.17-15.53.48:778][  0]LogCollectionManager: Loaded 0 collections in 0.002526 seconds
[2018.01.17-15.53.48:958][  0]LogFileCache: Scanning file cache for directory 'E:/repos/04_BattleTank/BattleTank/Saved/Collections/' took 0.01s
[2018.01.17-15.53.48:958][  0]LogFileCache: Scanning file cache for directory 'E:/repos/04_BattleTank/BattleTank/Content/Developers/Lysander/Collections/' took 0.01s
[2018.01.17-15.53.48:958][  0]LogFileCache: Scanning file cache for directory 'E:/repos/04_BattleTank/BattleTank/Content/Collections/' took 0.01s
[2018.01.17-15.53.48:958][  0]LogCollectionManager: Rebuilt the GUID cache for 0 collections in 0.000011 seconds
[2018.01.17-15.53.48:984][  0]LogContentBrowser: Native class hierarchy populated in 0.0101 seconds. Added 2247 classes and 457 folders.
[2018.01.17-15.53.49:153][  0]LogContentBrowser: Native class hierarchy updated for 'WidgetCarousel' in 0.0017 seconds. Added 0 classes and 0 folders.
[2018.01.17-15.53.50:039][  0]LogContentBrowser: Native class hierarchy updated for 'AddContentDialog' in 0.0071 seconds. Added 0 classes and 0 folders.
[2018.01.17-15.53.50:730][  0]LogCrashTracker: Crashtracker disabled due to settings.
[2018.01.17-15.53.50:844][  0]LogUObjectGlobals:Warning: Failed to find object 'Class None.'
[2018.01.17-15.53.50:932][  0]LogContentBrowser: Native class hierarchy updated for 'HierarchicalLODOutliner' in 0.0014 seconds. Added 1 classes and 2 folders.
[2018.01.17-15.53.50:932][  0]LogLoad: (Engine Initialization) Total time: 15.69 seconds
[2018.01.17-15.53.50:932][  0]LogLoad: (Engine Initialization) Total Blueprint compile time: 0.06 seconds
[2018.01.17-15.53.50:932][  0]LogExternalProfiler: No external profilers were discovered.  External profiling features will not be available.
[2018.01.17-15.53.50:942][  0]LogWindowsTextInputMethodSystem:Display: IME system now deactivated.
[2018.01.17-15.53.50:943][  0]LogOcInput: OculusInput pre-init called
[2018.01.17-15.53.51:123][  0]LogContentStreaming: Texture pool size now 1000 MB
[2018.01.17-15.53.51:125][  0]LogSlate: Took 0.000439 seconds to synchronously load lazily loaded font '../../../Engine/Content/Slate/Fonts/Roboto-Regular.ttf' (155K)
[2018.01.17-15.53.51:168][  0]LogSlate: Took 0.013660 seconds to synchronously load lazily loaded font '../../../Engine/Content/Editor/Slate/Fonts/FontAwesome.ttf' (139K)
[2018.01.17-15.53.51:185][  0]LogSlate: Took 0.000653 seconds to synchronously load lazily loaded font '../../../Engine/Content/Slate/Fonts/Roboto-Bold.ttf' (160K)
[2018.01.17-15.53.52:109][  0]LogRenderer: Reallocating scene render targets to support 1992x1284 NumSamples 1 (Frame:2).
[2018.01.17-15.53.52:508][  1]LogAssetRegistry: Asset discovery search completed in 11.1964 seconds
[2018.01.17-15.53.52:508][  1]LogCollectionManager: Rebuilt the object cache for 0 collections in 0.000003 seconds (found 0 objects)
[2018.01.17-15.53.52:508][  1]LogCollectionManager: Fixed up redirectors for 0 collections in 0.000012 seconds (updated 0 objects)
[2018.01.17-15.54.39:203][863]LogSlate: Took 0.010949 seconds to synchronously load lazily loaded font '../../../Engine/Content/Slate/Fonts/Roboto-Light.ttf' (159K)
[2018.01.17-15.54.40:049][863]Cmd: OBJ SAVEPACKAGE PACKAGE="/Game/BattleGround" FILE="../../../../repos/04_BattleTank/BattleTank/Content/BattleGround.umap" SILENT=true AUTOSAVING=false KEEPDIRTY=false
[2018.01.17-15.54.40:321][863]LogSavePackage: Save=216.44ms
[2018.01.17-15.54.40:321][863]LogSavePackage: Moving '../../../../repos/04_BattleTank/BattleTank/Saved/BattleGround9D1FBAC147297A47717E26BB2576AA18.tmp' to '../../../../repos/04_BattleTank/BattleTank/Content/BattleGround.umap'
[2018.01.17-15.54.40:324][863]LogSavePackage:Display: Finished SavePackage ../../../../repos/04_BattleTank/BattleTank/Content/BattleGround.umap
[2018.01.17-15.54.40:389][863]LogFileHelpers: Saving map 'BattleGround' took 1.357
[2018.01.17-15.57.03:511][663]LogTemp:Display: Executing iPhonePackager certificates Engine -bundlename com.YourCompany.BattleTank

[2018.01.17-15.57.03:512][663]LogTemp:Display: CWD: E:\UE_4.15\Engine\Binaries\DotNET\IOS

[2018.01.17-15.57.03:512][663]LogTemp:Display: Initial Dir: E:\UE_4.15

[2018.01.17-15.57.03:512][663]LogTemp:Display: Env CWD: E:\UE_4.15\Engine\Binaries\DotNET\IOS

[2018.01.17-15.57.03:512][663]LogTemp:Display: BranchPath = LYSANDER-PC/E/UE_4.15/Engine/Binaries --- GameBranchPath = LYSANDER-PC/E/UE_4.15/Engine/Binaries

[2018.01.17-15.57.03:512][663]LogTemp:Display: IPP ERROR: Application exception: System.IO.DirectoryNotFoundException: Could not find a part of the path 'C:\Users\Lysander\AppData\Local\Apple Computer\MobileDevice\Provisioning Profiles'.

[2018.01.17-15.57.03:512][663]LogTemp:Display:    at System.IO.__Error.WinIOError(Int32 errorCode, String maybeFullPath)

[2018.01.17-15.57.03:512][663]LogTemp:Display:    at System.IO.FileSystemEnumerableIterator`1.CommonInit()

[2018.01.17-15.57.03:512][663]LogTemp:Display:    at System.IO.Directory.EnumerateFiles(String path, String searchPattern)

[2018.01.17-15.57.03:512][663]LogTemp:Display:    at iPhonePackager.CodeSignatureBuilder.FindProvisions(String CFBundleIdentifier)

[2018.01.17-15.57.03:512][663]LogTemp:Display:    at iPhonePackager.Program.Main(String[] args)

[2018.01.17-15.57.03:512][663]LogSlate: Only BGRA pngs, bmps or icos are supported in by External Image Picker
[2018.01.17-15.57.42:810][335]LogSlate: Took 0.000227 seconds to synchronously load lazily loaded font '../../../Engine/Content/Slate/Fonts/Roboto-Light.ttf' (159K)
[2018.01.17-15.57.56:399][949]Cmd: TRANSACTION UNDO
[2018.01.17-15.57.56:399][949]LogEditorTransaction: Undo Edit Editor Startup Map
[2018.01.17-15.57.57:604][ 81]Cmd: TRANSACTION UNDO
[2018.01.17-15.57.57:604][ 81]LogEditorTransaction: Undo Edit Default GameMode
[2018.01.17-15.58.21:626][890]LogEditorActor: Deleted Actor: StaticMeshActor
[2018.01.17-15.58.21:705][890]LogEditorActor: Deleted 1 Actors (0.086 secs)
[2018.01.17-15.58.38:404][856]LogMaterial: Missing cached shader map for material LayerVisMaterial, compiling. 
[2018.01.17-15.58.38:428][856]LogTemp:Display: Added material ShaderMap 0x000001EA89AED600 with Material 0x000001EA8E3B2380 to ShaderMapsBeingCompiled
[2018.01.17-15.58.38:501][856]LogTemp:Display: Kicking off shader compilation for LayerVisMaterial, GameThreadShaderMap 0x000001EA89AED600
[2018.01.17-15.58.38:553][856]LogMaterial: Missing cached shader map for material SelectBrushMaterial, compiling. 
[2018.01.17-15.58.38:554][856]LogTemp:Display: Added material ShaderMap 0x000001EACDC96780 with Material 0x000001EA8E3AA800 to ShaderMapsBeingCompiled
[2018.01.17-15.58.38:568][856]LogTemp:Display: Kicking off shader compilation for SelectBrushMaterial, GameThreadShaderMap 0x000001EACDC96780
[2018.01.17-15.58.38:629][856]LogMaterial: Missing cached shader map for material SelectBrushMaterial, compiling. 
[2018.01.17-15.58.38:630][856]LogTemp:Display: Added material ShaderMap 0x000001EA88E64100 with Material 0x000001EA8E3A4700 to ShaderMapsBeingCompiled
[2018.01.17-15.58.38:638][856]LogTemp:Display: Kicking off shader compilation for SelectBrushMaterial, GameThreadShaderMap 0x000001EA88E64100
[2018.01.17-15.58.38:663][856]LogMaterial: Missing cached shader map for material MaskBrushMaterial, compiling. 
[2018.01.17-15.58.38:664][856]LogTemp:Display: Added material ShaderMap 0x000001EAA1780B80 with Material 0x000001EA8E5CB100 to ShaderMapsBeingCompiled
[2018.01.17-15.58.38:672][856]LogTemp:Display: Kicking off shader compilation for MaskBrushMaterial, GameThreadShaderMap 0x000001EAA1780B80
[2018.01.17-15.58.38:782][856]LogMaterial: Missing cached shader map for material LandscapeLayerUsageMaterial, compiling. 
[2018.01.17-15.58.38:784][856]LogTemp:Display: Added material ShaderMap 0x000001EAA173C800 with Material 0x000001EAA12AC580 to ShaderMapsBeingCompiled
[2018.01.17-15.58.38:791][856]LogTemp:Display: Kicking off shader compilation for LandscapeLayerUsageMaterial, GameThreadShaderMap 0x000001EAA173C800
[2018.01.17-15.58.38:995][856]LogMaterial: Missing cached shader map for material CircleBrushMaterial, compiling. 
[2018.01.17-15.58.38:996][856]LogTemp:Display: Added material ShaderMap 0x000001EA8A71A780 with Material 0x000001EA8E59CD00 to ShaderMapsBeingCompiled
[2018.01.17-15.58.39:006][856]LogTemp:Display: Kicking off shader compilation for CircleBrushMaterial, GameThreadShaderMap 0x000001EA8A71A780
[2018.01.17-15.58.39:010][856]LogMaterial: Missing cached shader map for material CircleBrushMaterial, compiling. 
[2018.01.17-15.58.39:011][856]LogTemp:Display: Added material ShaderMap 0x000001EAA0F1E080 with Material 0x000001EA8E5A2200 to ShaderMapsBeingCompiled
[2018.01.17-15.58.39:021][856]LogTemp:Display: Kicking off shader compilation for CircleBrushMaterial, GameThreadShaderMap 0x000001EAA0F1E080
[2018.01.17-15.58.39:045][856]LogMaterial: Missing cached shader map for material CircleBrushMaterial, compiling. 
[2018.01.17-15.58.39:046][856]LogTemp:Display: Added material ShaderMap 0x000001EA89844480 with Material 0x000001EA8E574400 to ShaderMapsBeingCompiled
[2018.01.17-15.58.39:055][856]LogTemp:Display: Kicking off shader compilation for CircleBrushMaterial, GameThreadShaderMap 0x000001EA89844480
[2018.01.17-15.58.39:092][856]LogMaterial: Missing cached shader map for material CircleBrushMaterial, compiling. 
[2018.01.17-15.58.39:093][856]LogTemp:Display: Added material ShaderMap 0x000001EA9D682780 with Material 0x000001EA8E575F00 to ShaderMapsBeingCompiled
[2018.01.17-15.58.39:102][856]LogTemp:Display: Kicking off shader compilation for CircleBrushMaterial, GameThreadShaderMap 0x000001EA9D682780
[2018.01.17-15.58.39:160][856]LogMaterial: Missing cached shader map for material AlphaBrushMaterial, compiling. 
[2018.01.17-15.58.39:160][856]LogTemp:Display: Added material ShaderMap 0x000001EA8B22E400 with Material 0x000001EA8E597E80 to ShaderMapsBeingCompiled
[2018.01.17-15.58.39:172][856]LogTemp:Display: Kicking off shader compilation for AlphaBrushMaterial, GameThreadShaderMap 0x000001EA8B22E400
[2018.01.17-15.58.39:216][856]LogMaterial: Missing cached shader map for material CircleBrushMaterial, compiling. 
[2018.01.17-15.58.39:217][856]LogTemp:Display: Added material ShaderMap 0x000001EA90118B80 with Material 0x000001EA8E587280 to ShaderMapsBeingCompiled
[2018.01.17-15.58.39:230][856]LogTemp:Display: Kicking off shader compilation for CircleBrushMaterial, GameThreadShaderMap 0x000001EA90118B80
[2018.01.17-15.58.39:231][856]LogTemp:Display: Added shader map 0x000001EACDC96780 from material 0x000001EA8E5CC400
[2018.01.17-15.58.39:231][856]LogTemp:Display: Found existing compiling shader for material SelectBrushMaterial, linking to other GameThreadShaderMap 0x000001EACDC96780
[2018.01.17-15.58.39:244][856]LogMaterial: Missing cached shader map for material MaskBrushMaterial, compiling. 
[2018.01.17-15.58.39:245][856]LogTemp:Display: Added material ShaderMap 0x000001EA9379B580 with Material 0x000001EA8E569C00 to ShaderMapsBeingCompiled
[2018.01.17-15.58.39:258][856]LogTemp:Display: Kicking off shader compilation for MaskBrushMaterial, GameThreadShaderMap 0x000001EA9379B580
[2018.01.17-15.58.39:335][856]LogTexture:Display: Building textures: Texture2D_2 (G8, 128X128) - 82 MB total VRAM
[2018.01.17-15.58.39:994][903]LogTemp:Display: Finished compile of shader map 0x000001EA89AED600
[2018.01.17-15.58.39:994][903]LogTemp:Display: Shader map LayerVisMaterial complete, GameThreadShaderMap 0x000001EA89AED600, marking material LayerVisMaterial as finished
[2018.01.17-15.58.39:994][903]LogTemp:Display: Marking material as finished 0x000001EA8E3B2380
[2018.01.17-15.58.40:562][967]LogTemp:Display: Finished compile of shader map 0x000001EACDC96780
[2018.01.17-15.58.40:563][967]LogTemp:Display: Shader map SelectBrushMaterial complete, GameThreadShaderMap 0x000001EACDC96780, marking material SelectBrushMaterial as finished
[2018.01.17-15.58.40:563][967]LogTemp:Display: Marking material as finished 0x000001EA8E3AA800
[2018.01.17-15.58.40:564][967]LogTemp:Display: Shader map SelectBrushMaterial complete, GameThreadShaderMap 0x000001EACDC96780, marking material SelectBrushMaterial as finished
[2018.01.17-15.58.40:564][967]LogTemp:Display: Marking material as finished 0x000001EA8E5CC400
[2018.01.17-15.58.41:853][114]LogTemp:Display: Finished compile of shader map 0x000001EA88E64100
[2018.01.17-15.58.41:853][114]LogTemp:Display: Shader map SelectBrushMaterial complete, GameThreadShaderMap 0x000001EA88E64100, marking material SelectBrushMaterial as finished
[2018.01.17-15.58.41:853][114]LogTemp:Display: Marking material as finished 0x000001EA8E3A4700
[2018.01.17-15.58.42:505][190]LogTemp:Display: Finished compile of shader map 0x000001EAA1780B80
[2018.01.17-15.58.42:505][190]LogTemp:Display: Shader map MaskBrushMaterial complete, GameThreadShaderMap 0x000001EAA1780B80, marking material MaskBrushMaterial as finished
[2018.01.17-15.58.42:505][190]LogTemp:Display: Marking material as finished 0x000001EA8E5CB100
[2018.01.17-15.58.42:508][190]LogTemp:Display: Finished compile of shader map 0x000001EAA173C800
[2018.01.17-15.58.42:508][190]LogTemp:Display: Shader map LandscapeLayerUsageMaterial complete, GameThreadShaderMap 0x000001EAA173C800, marking material LandscapeLayerUsageMaterial as finished
[2018.01.17-15.58.42:508][190]LogTemp:Display: Marking material as finished 0x000001EAA12AC580
[2018.01.17-15.58.44:425][419]LogTemp:Display: Finished compile of shader map 0x000001EAA0F1E080
[2018.01.17-15.58.44:425][419]LogTemp:Display: Shader map CircleBrushMaterial complete, GameThreadShaderMap 0x000001EAA0F1E080, marking material CircleBrushMaterial as finished
[2018.01.17-15.58.44:425][419]LogTemp:Display: Marking material as finished 0x000001EA8E5A2200
[2018.01.17-15.58.44:428][419]LogTemp:Display: Finished compile of shader map 0x000001EA8A71A780
[2018.01.17-15.58.44:428][419]LogTemp:Display: Shader map CircleBrushMaterial complete, GameThreadShaderMap 0x000001EA8A71A780, marking material CircleBrushMaterial as finished
[2018.01.17-15.58.44:428][419]LogTemp:Display: Marking material as finished 0x000001EA8E59CD00
[2018.01.17-15.58.45:764][578]LogTemp:Display: Finished compile of shader map 0x000001EA89844480
[2018.01.17-15.58.45:764][578]LogTemp:Display: Shader map CircleBrushMaterial complete, GameThreadShaderMap 0x000001EA89844480, marking material CircleBrushMaterial as finished
[2018.01.17-15.58.45:764][578]LogTemp:Display: Marking material as finished 0x000001EA8E574400
[2018.01.17-15.58.46:261][637]LogTemp:Display: Finished compile of shader map 0x000001EA9D682780
[2018.01.17-15.58.46:261][637]LogTemp:Display: Shader map CircleBrushMaterial complete, GameThreadShaderMap 0x000001EA9D682780, marking material CircleBrushMaterial as finished
[2018.01.17-15.58.46:261][637]LogTemp:Display: Marking material as finished 0x000001EA8E575F00
[2018.01.17-15.58.47:659][799]LogTemp:Display: Finished compile of shader map 0x000001EA8B22E400
[2018.01.17-15.58.47:659][799]LogTemp:Display: Shader map AlphaBrushMaterial complete, GameThreadShaderMap 0x000001EA8B22E400, marking material AlphaBrushMaterial as finished
[2018.01.17-15.58.47:659][799]LogTemp:Display: Marking material as finished 0x000001EA8E597E80
[2018.01.17-15.58.48:295][875]LogTemp:Display: Finished compile of shader map 0x000001EA9379B580
[2018.01.17-15.58.48:295][875]LogTemp:Display: Shader map MaskBrushMaterial complete, GameThreadShaderMap 0x000001EA9379B580, marking material MaskBrushMaterial as finished
[2018.01.17-15.58.48:295][875]LogTemp:Display: Marking material as finished 0x000001EA8E569C00
[2018.01.17-15.58.48:298][875]LogTemp:Display: Finished compile of shader map 0x000001EA90118B80
[2018.01.17-15.58.48:298][875]LogTemp:Display: Shader map CircleBrushMaterial complete, GameThreadShaderMap 0x000001EA90118B80, marking material CircleBrushMaterial as finished
[2018.01.17-15.58.48:298][875]LogTemp:Display: Marking material as finished 0x000001EA8E587280
[2018.01.17-15.58.52:168][329]LogTexture:Display: Building textures: Texture2D_3 (G8, 128X128) - 82 MB total VRAM
[2018.01.17-15.58.54:790][605]LogActorComponent: UnregisterComponent: (/Engine/Transient.SphereBrushComponent) Not registered. Aborting.
[2018.01.17-15.58.54:809][605]LogTexture:Display: Building textures: Texture2D_4 (G8, 128X128) - 82 MB total VRAM
[2018.01.17-15.59.05:959][844]LogTexture:Display: Building textures: Texture2D_0 (BGRA8, 512X512) - 82 MB total VRAM
[2018.01.17-15.59.05:974][844]LogTexture:Display: Building textures: Texture2D_1 (BGRA8, 512X512) - 82 MB total VRAM
[2018.01.17-15.59.05:986][844]LogTexture:Display: Building textures: Texture2D_2 (BGRA8, 512X512) - 82 MB total VRAM
[2018.01.17-15.59.05:997][844]LogTexture:Display: Building textures: Texture2D_3 (BGRA8, 512X512) - 82 MB total VRAM
[2018.01.17-15.59.06:007][844]LogTexture:Display: Building textures: Texture2D_4 (BGRA8, 512X512) - 82 MB total VRAM
[2018.01.17-15.59.06:018][844]LogTexture:Display: Building textures: Texture2D_5 (BGRA8, 512X512) - 82 MB total VRAM
[2018.01.17-15.59.06:028][844]LogTexture:Display: Building textures: Texture2D_6 (BGRA8, 512X512) - 82 MB total VRAM
[2018.01.17-15.59.06:039][844]LogTexture:Display: Building textures: Texture2D_7 (BGRA8, 512X512) - 82 MB total VRAM
[2018.01.17-15.59.06:050][844]LogTexture:Display: Building textures: Texture2D_8 (BGRA8, 512X512) - 82 MB total VRAM
[2018.01.17-15.59.06:060][844]LogTexture:Display: Building textures: Texture2D_9 (BGRA8, 512X512) - 82 MB total VRAM
[2018.01.17-15.59.06:071][844]LogTexture:Display: Building textures: Texture2D_10 (BGRA8, 512X512) - 82 MB total VRAM
[2018.01.17-15.59.06:081][844]LogTexture:Display: Building textures: Texture2D_11 (BGRA8, 512X512) - 82 MB total VRAM
[2018.01.17-15.59.06:092][844]LogTexture:Display: Building textures: Texture2D_12 (BGRA8, 512X512) - 82 MB total VRAM
[2018.01.17-15.59.06:103][844]LogTexture:Display: Building textures: Texture2D_13 (BGRA8, 512X512) - 82 MB total VRAM
[2018.01.17-15.59.06:113][844]LogTexture:Display: Building textures: Texture2D_14 (BGRA8, 512X512) - 82 MB total VRAM
[2018.01.17-15.59.06:123][844]LogTexture:Display: Building textures: Texture2D_15 (BGRA8, 512X512) - 82 MB total VRAM
[2018.01.17-15.59.06:135][844]LogMaterial: Missing cached shader map for material WorldGridMaterial, compiling. Is special engine material.
[2018.01.17-15.59.06:136][844]LogTemp:Display: Added material ShaderMap 0x000001EAA1DE1980 with Material 0x000001EA893DD480 to ShaderMapsBeingCompiled
[2018.01.17-15.59.10:452][844]LogTemp:Display: Finished compile of shader map 0x000001EAA1DE1980
[2018.01.17-15.59.10:452][844]LogTemp:Display: Shader map WorldGridMaterial complete, GameThreadShaderMap 0x000001EAA1DE1980, marking material WorldGridMaterial as finished
[2018.01.17-15.59.10:452][844]LogTemp:Display: Marking material as finished 0x000001EA893DD480
[2018.01.17-15.59.10:522][844]LogMaterial: 0.01 seconds spent updating 1 materials, 1024 interfaces, 0 instances, 0 with static permutations.
[2018.01.17-15.59.22:090][ 99]Cmd: TRANSACTION UNDO
[2018.01.17-15.59.22:090][ 99]LogEditorTransaction: Undo Landscape Editing: Sculpt
[2018.01.17-15.59.22:094][ 99]LogMaterial: 0.00 seconds spent updating 1 materials, 1 interfaces, 0 instances, 0 with static permutations.
[2018.01.17-15.59.22:248][ 99]LogMaterial: 0.00 seconds spent updating 1 materials, 1 interfaces, 0 instances, 0 with static permutations.
[2018.01.17-15.59.22:249][ 99]LogMaterial: 0.00 seconds spent updating 1 materials, 1 interfaces, 0 instances, 0 with static permutations.
[2018.01.17-15.59.22:249][ 99]LogMaterial: 0.00 seconds spent updating 1 materials, 1 interfaces, 0 instances, 0 with static permutations.
[2018.01.17-15.59.24:893][387]Cmd: TRANSACTION UNDO
[2018.01.17-15.59.24:893][387]LogEditorTransaction: Undo Creating New Landscape
[2018.01.17-16.01.22:827][359]LogTexture:Display: Building textures: Texture2D_5 (G8, 128X128) - 111 MB total VRAM
[2018.01.17-16.01.23:626][445]LogEditorSelectUtils:Warning: SelectActor: The requested operation could not be completed because the actor has invalid flags. (Landscape)
[2018.01.17-16.01.23:626][445]LogActorComponent: RegisterComponentWithWorld: (/Game/BattleGround.BattleGround:PersistentLevel.Landscape_2.RootComponent0) Trying to register component with IsPendingKill() == true. Aborting.
[2018.01.17-16.01.23:627][445]LogEditorSelectUtils:Warning: SelectActor: The requested operation could not be completed because the actor has invalid flags. (Landscape)
[2018.01.17-16.01.43:940][775]LogTexture:Display: Building textures: Texture2D_16 (BGRA8, 512X512) - 111 MB total VRAM
[2018.01.17-16.01.43:954][775]LogTexture:Display: Building textures: Texture2D_17 (BGRA8, 512X512) - 111 MB total VRAM
[2018.01.17-16.01.43:967][775]LogTexture:Display: Building textures: Texture2D_18 (BGRA8, 512X512) - 111 MB total VRAM
[2018.01.17-16.01.43:980][775]LogTexture:Display: Building textures: Texture2D_19 (BGRA8, 512X512) - 111 MB total VRAM
[2018.01.17-16.01.43:992][775]LogTexture:Display: Building textures: Texture2D_20 (BGRA8, 512X512) - 111 MB total VRAM
[2018.01.17-16.01.44:004][775]LogTexture:Display: Building textures: Texture2D_21 (BGRA8, 512X512) - 111 MB total VRAM
[2018.01.17-16.01.44:016][775]LogTexture:Display: Building textures: Texture2D_22 (BGRA8, 512X512) - 111 MB total VRAM
[2018.01.17-16.01.44:029][775]LogTexture:Display: Building textures: Texture2D_23 (BGRA8, 512X512) - 111 MB total VRAM
[2018.01.17-16.01.44:040][775]LogTexture:Display: Building textures: Texture2D_24 (BGRA8, 512X512) - 111 MB total VRAM
[2018.01.17-16.01.44:052][775]LogTexture:Display: Building textures: Texture2D_25 (BGRA8, 512X512) - 111 MB total VRAM
[2018.01.17-16.01.44:064][775]LogTexture:Display: Building textures: Texture2D_26 (BGRA8, 512X512) - 111 MB total VRAM
[2018.01.17-16.01.44:076][775]LogTexture:Display: Building textures: Texture2D_27 (BGRA8, 512X512) - 111 MB total VRAM
[2018.01.17-16.01.44:088][775]LogTexture:Display: Building textures: Texture2D_28 (BGRA8, 512X512) - 111 MB total VRAM
[2018.01.17-16.01.44:099][775]LogTexture:Display: Building textures: Texture2D_29 (BGRA8, 512X512) - 111 MB total VRAM
[2018.01.17-16.01.44:112][775]LogTexture:Display: Building textures: Texture2D_30 (BGRA8, 512X512) - 111 MB total VRAM
[2018.01.17-16.01.44:123][775]LogTexture:Display: Building textures: Texture2D_31 (BGRA8, 512X512) - 112 MB total VRAM
[2018.01.17-16.01.44:247][775]LogMaterial: 0.03 seconds spent updating 1 materials, 1024 interfaces, 0 instances, 0 with static permutations.
[2018.01.17-16.02.10:585][820]Cmd: DELETE
[2018.01.17-16.02.10:586][820]Cmd: ACTOR DELETE
[2018.01.17-16.02.10:792][820]LogEditorActor: Deleted Actor: Landscape
[2018.01.17-16.02.11:019][820]LogEditorActor: Deleted 1 Actors (0.234 secs)
[2018.01.17-16.02.18:277][688]LogTexture:Display: Building textures: Texture2D_6 (G8, 128X128) - 111 MB total VRAM
[2018.01.17-16.03.08:226][632]Cmd: OBJ SAVEPACKAGE PACKAGE="/Game/BattleGround" FILE="../../../../repos/04_BattleTank/BattleTank/Content/BattleGround.umap" SILENT=true AUTOSAVING=false KEEPDIRTY=false
[2018.01.17-16.03.08:322][632]LogSavePackage: Save=81.25ms
[2018.01.17-16.03.08:322][632]LogSavePackage: Moving '../../../../repos/04_BattleTank/BattleTank/Saved/BattleGround881199E24E5AE71B029B8CAABA47BC03.tmp' to '../../../../repos/04_BattleTank/BattleTank/Content/BattleGround.umap'
[2018.01.17-16.03.08:325][632]LogSavePackage:Display: Finished SavePackage ../../../../repos/04_BattleTank/BattleTank/Content/BattleGround.umap
[2018.01.17-16.03.08:338][632]LogFileHelpers: Saving map 'BattleGround' took 0.193
[2018.01.17-16.03.11:501][942]Cmd: QUIT_EDITOR
[2018.01.17-16.03.11:534][942]LogWindowsTextInputMethodSystem:Display: IME system now deactivated.
[2018.01.17-16.03.11:554][942]LogExit: Preparing to exit.
[2018.01.17-16.03.12:076][942]LogDirectoryWatcher: A directory notification for 'E:/repos/04_BattleTank/BattleTank/Content/' was aborted.
[2018.01.17-16.03.12:120][942]LogExit: Editor shut down
[2018.01.17-16.03.12:121][942]LogExit: Transaction tracking system shut down
[2018.01.17-16.03.12:222][942]LogObj: Freed 0b from 0 cluster array pools.
[2018.01.17-16.03.12:222][942]LogExit: Object subsystem successfully closed.
[2018.01.17-16.03.12:289][942]LogD3D11RHI: Shutdown
[2018.01.17-16.03.12:289][942]LogD3D11RHI: CleanupD3DDevice
[2018.01.17-16.03.12:342][942]LogD3D11RHI: ~FD3D11DynamicRHI
[2018.01.17-16.03.12:348][942]LogModuleManager: Shutting down and abandoning module ExternalImagePicker (502)
[2018.01.17-16.03.12:348][942]LogModuleManager: Shutting down and abandoning module HierarchicalLODOutliner (500)
[2018.01.17-16.03.12:348][942]LogModuleManager: Shutting down and abandoning module CrashTracker (498)
[2018.01.17-16.03.12:348][942]LogModuleManager: Shutting down and abandoning module AddContentDialog (496)
[2018.01.17-16.03.12:360][942]LogDirectoryWatcher: A directory notification for 'E:/UE_4.15/FeaturePacks/' was aborted.
[2018.01.17-16.03.12:369][942]LogModuleManager: Shutting down and abandoning module WidgetCarousel (495)
[2018.01.17-16.03.12:369][942]LogModuleManager: Shutting down and abandoning module EditorWidgets (492)
[2018.01.17-16.03.12:369][942]LogModuleManager: Shutting down and abandoning module CollectionManager (490)
[2018.01.17-16.03.12:369][942]LogDirectoryWatcher: A directory notification for 'E:/repos/04_BattleTank/BattleTank/Content/Collections/' was aborted.
[2018.01.17-16.03.12:369][942]LogDirectoryWatcher: A directory notification for 'E:/repos/04_BattleTank/BattleTank/Content/Developers/Lysander/Collections/' was aborted.
[2018.01.17-16.03.12:369][942]LogDirectoryWatcher: A directory notification for 'E:/repos/04_BattleTank/BattleTank/Saved/Collections/' was aborted.
[2018.01.17-16.03.12:369][942]LogModuleManager: Shutting down and abandoning module SceneOutliner (488)
[2018.01.17-16.03.12:369][942]LogModuleManager: Shutting down and abandoning module StatsViewer (486)
[2018.01.17-16.03.12:369][942]LogModuleManager: Shutting down and abandoning module FoliageEdit (484)
[2018.01.17-16.03.12:369][942]LogModuleManager: Shutting down and abandoning module LandscapeEditor (482)
[2018.01.17-16.03.12:369][942]LogModuleManager: Shutting down and abandoning module SceneDepthPickerMode (480)
[2018.01.17-16.03.12:369][942]LogModuleManager: Shutting down and abandoning module ActorPickerMode (478)
[2018.01.17-16.03.12:369][942]LogModuleManager: Shutting down and abandoning module GeometryMode (476)
[2018.01.17-16.03.12:369][942]LogModuleManager: Shutting down and abandoning module TextureAlignMode (474)
[2018.01.17-16.03.12:369][942]LogModuleManager: Shutting down and abandoning module BspMode (472)
[2018.01.17-16.03.12:369][942]LogModuleManager: Shutting down and abandoning module HardwareSurvey (470)
[2018.01.17-16.03.12:369][942]LogModuleManager: Shutting down and abandoning module SequenceRecorderSections (468)
[2018.01.17-16.03.12:369][942]LogModuleManager: Shutting down and abandoning module AutomationWorker (466)
[2018.01.17-16.03.12:369][942]LogModuleManager: Shutting down and abandoning module MatineeToLevelSequence (464)
[2018.01.17-16.03.12:369][942]LogModuleManager: Shutting down and abandoning module LevelSequenceEditor (462)
[2018.01.17-16.03.12:369][942]LogModuleManager: Shutting down and abandoning module PlacementMode (461)
[2018.01.17-16.03.12:369][942]LogModuleManager: Shutting down and abandoning module WmfMediaFactory (458)
[2018.01.17-16.03.12:369][942]LogModuleManager: Shutting down and abandoning module WmfMediaEditor (456)
[2018.01.17-16.03.12:369][942]LogModuleManager: Shutting down and abandoning module MfMediaFactory (454)
[2018.01.17-16.03.12:369][942]LogModuleManager: Shutting down and abandoning module MfMediaEditor (452)
[2018.01.17-16.03.12:369][942]LogModuleManager: Shutting down and abandoning module AvfMediaFactory (450)
[2018.01.17-16.03.12:369][942]LogModuleManager: Shutting down and abandoning module AvfMediaEditor (448)
[2018.01.17-16.03.12:369][942]LogModuleManager: Shutting down and abandoning module AndroidMediaFactory (446)
[2018.01.17-16.03.12:369][942]LogModuleManager: Shutting down and abandoning module Media (445)
[2018.01.17-16.03.12:369][942]LogModuleManager: Shutting down and abandoning module AndroidMediaEditor (442)
[2018.01.17-16.03.12:369][942]LogModuleManager: Shutting down and abandoning module CharacterAI (440)
[2018.01.17-16.03.12:369][942]LogModuleManager: Shutting down and abandoning module AudioCapture (438)
[2018.01.17-16.03.12:369][942]LogModuleManager: Shutting down and abandoning module SequenceRecorder (437)
[2018.01.17-16.03.12:369][942]LogModuleManager: Shutting down and abandoning module SmartSnapping (434)
[2018.01.17-16.03.12:369][942]LogModuleManager: Shutting down and abandoning module SessionServices (432)
[2018.01.17-16.03.12:369][942]LogModuleManager: Shutting down and abandoning module ViewportSnapping (430)
[2018.01.17-16.03.12:369][942]LogModuleManager: Shutting down and abandoning module ViewportInteraction (428)
[2018.01.17-16.03.12:369][942]LogModuleManager: Shutting down and abandoning module LogVisualizer (426)
[2018.01.17-16.03.12:369][942]LogModuleManager: Shutting down and abandoning module IntroTutorials (424)
[2018.01.17-16.03.12:370][942]LogModuleManager: Shutting down and abandoning module GameProjectGeneration (423)
[2018.01.17-16.03.12:370][942]LogModuleManager: Shutting down and abandoning module EditorLiveStreaming (420)
[2018.01.17-16.03.12:370][942]LogModuleManager: Shutting down and abandoning module IOSPlatformEditor (418)
[2018.01.17-16.03.12:370][942]LogModuleManager: Shutting down and abandoning module HTML5PlatformEditor (416)
[2018.01.17-16.03.12:370][942]LogModuleManager: Shutting down and abandoning module AndroidPlatformEditor (414)
[2018.01.17-16.03.12:370][942]LogModuleManager: Shutting down and abandoning module AndroidDeviceDetection (413)
[2018.01.17-16.03.12:957][942]LogModuleManager: Shutting down and abandoning module IOSRuntimeSettings (410)
[2018.01.17-16.03.12:957][942]LogModuleManager: Shutting down and abandoning module AndroidRuntimeSettings (408)
[2018.01.17-16.03.12:957][942]LogModuleManager: Shutting down and abandoning module InputBindingEditor (406)
[2018.01.17-16.03.12:957][942]LogModuleManager: Shutting down and abandoning module NiagaraEditor (404)
[2018.01.17-16.03.12:957][942]LogModuleManager: Shutting down and abandoning module MergeActors (402)
[2018.01.17-16.03.12:958][942]LogModuleManager: Shutting down and abandoning module SizeMap (400)
[2018.01.17-16.03.12:958][942]LogModuleManager: Shutting down and abandoning module TreeMap (398)
[2018.01.17-16.03.12:958][942]LogModuleManager: Shutting down and abandoning module ReferenceViewer (396)
[2018.01.17-16.03.12:958][942]LogModuleManager: Shutting down and abandoning module LocalizationDashboard (394)
[2018.01.17-16.03.12:958][942]LogModuleManager: Shutting down and abandoning module LocalizationService (393)
[2018.01.17-16.03.12:958][942]LogModuleManager: Shutting down and abandoning module HardwareTargeting (390)
[2018.01.17-16.03.12:958][942]LogModuleManager: Shutting down and abandoning module DeviceProfileEditor (388)
[2018.01.17-16.03.12:958][942]LogModuleManager: Shutting down and abandoning module UndoHistory (386)
[2018.01.17-16.03.12:958][942]LogModuleManager: Shutting down and abandoning module UserFeedback (384)
[2018.01.17-16.03.12:958][942]LogModuleManager: Shutting down and abandoning module XmlParser (382)
[2018.01.17-16.03.12:958][942]LogModuleManager: Shutting down and abandoning module Blutility (380)
[2018.01.17-16.03.12:958][942]LogModuleManager: Shutting down and abandoning module ProjectSettingsViewer (378)
[2018.01.17-16.03.12:958][942]LogModuleManager: Shutting down and abandoning module ProjectTargetPlatformEditor (377)
[2018.01.17-16.03.12:958][942]LogModuleManager: Shutting down and abandoning module EditorSettingsViewer (374)
[2018.01.17-16.03.12:958][942]LogModuleManager: Shutting down and abandoning module SettingsEditor (372)
[2018.01.17-16.03.12:958][942]LogModuleManager: Shutting down and abandoning module ProjectLauncher (370)
[2018.01.17-16.03.12:958][942]LogModuleManager: Shutting down and abandoning module SessionFrontend (368)
[2018.01.17-16.03.12:958][942]LogModuleManager: Shutting down and abandoning module ProfilerClient (366)
[2018.01.17-16.03.12:958][942]LogModuleManager: Shutting down and abandoning module DeviceManager (364)
[2018.01.17-16.03.12:958][942]LogModuleManager: Shutting down and abandoning module TargetDeviceServices (363)
[2018.01.17-16.03.13:012][942]LogModuleManager: Shutting down and abandoning module AutomationController (360)
[2018.01.17-16.03.13:012][942]LogModuleManager: Shutting down and abandoning module AutomationWindow (358)
[2018.01.17-16.03.13:012][942]LogModuleManager: Shutting down and abandoning module Layers (356)
[2018.01.17-16.03.13:012][942]LogModuleManager: Shutting down and abandoning module ComponentVisualizers (354)
[2018.01.17-16.03.13:012][942]LogModuleManager: Shutting down and abandoning module DetailCustomizations (352)
[2018.01.17-16.03.13:012][942]LogModuleManager: Shutting down and abandoning module PackagesDialog (350)
[2018.01.17-16.03.13:012][942]LogModuleManager: Shutting down and abandoning module Persona (348)
[2018.01.17-16.03.13:012][942]LogModuleManager: Shutting down and abandoning module AnimGraph (347)
[2018.01.17-16.03.13:012][942]LogModuleManager: Shutting down and abandoning module Kismet (344)
[2018.01.17-16.03.13:013][942]LogModuleManager: Shutting down and abandoning module GraphEditor (342)
[2018.01.17-16.03.13:013][942]LogModuleManager: Shutting down and abandoning module ClassViewer (340)
[2018.01.17-16.03.13:015][942]LogModuleManager: Shutting down and abandoning module Toolbox (338)
[2018.01.17-16.03.13:015][942]LogModuleManager: Shutting down and abandoning module ModuleUI (336)
[2018.01.17-16.03.13:015][942]LogModuleManager: Shutting down and abandoning module MovieSceneTools (334)
[2018.01.17-16.03.13:015][942]LogModuleManager: Shutting down and abandoning module OutputLog (332)
[2018.01.17-16.03.13:015][942]LogModuleManager: Shutting down and abandoning module GammaUI (330)
[2018.01.17-16.03.13:016][942]LogModuleManager: Shutting down and abandoning module Documentation (328)
[2018.01.17-16.03.13:016][942]LogModuleManager: Shutting down and abandoning module Niagara (326)
[2018.01.17-16.03.13:016][942]LogModuleManager: Shutting down and abandoning module StreamingPauseRendering (324)
[2018.01.17-16.03.13:016][942]LogModuleManager: Shutting down and abandoning module AnalyticsET (322)
[2018.01.17-16.03.13:016][942]LogModuleManager: Shutting down and abandoning module PortalServices (320)
[2018.01.17-16.03.13:016][942]LogModuleManager: Shutting down and abandoning module PortalRpc (318)
[2018.01.17-16.03.13:016][942]LogModuleManager: Shutting down and abandoning module MessagingRpc (316)
[2018.01.17-16.03.13:016][942]LogModuleManager: Shutting down and abandoning module AIModule (314)
[2018.01.17-16.03.13:016][942]LogModuleManager: Shutting down and abandoning module GameplayDebugger (313)
[2018.01.17-16.03.13:016][942]LogModuleManager: Shutting down and abandoning module AITestSuite (311)
[2018.01.17-16.03.13:016][942]LogModuleManager: Shutting down and abandoning module ProfilerService (308)
[2018.01.17-16.03.13:097][942]LogModuleManager: Shutting down and abandoning module TaskGraph (306)
[2018.01.17-16.03.13:097][942]LogModuleManager: Shutting down and abandoning module SteamVRController (304)
[2018.01.17-16.03.13:097][942]LogModuleManager: Shutting down and abandoning module SteamVR (302)
[2018.01.17-16.03.13:097][942]LogModuleManager: Shutting down and abandoning module ProceduralMeshComponentEditor (300)
[2018.01.17-16.03.13:097][942]LogModuleManager: Shutting down and abandoning module ProceduralMeshComponent (298)
[2018.01.17-16.03.13:097][942]LogModuleManager: Shutting down and abandoning module OculusLibrary (296)
[2018.01.17-16.03.13:097][942]LogModuleManager: Shutting down and abandoning module OculusInput (294)
[2018.01.17-16.03.13:097][942]LogModuleManager: Shutting down and abandoning module MobilePatchingUtils (292)
[2018.01.17-16.03.13:097][942]LogModuleManager: Shutting down and abandoning module CustomMeshComponent (290)
[2018.01.17-16.03.13:097][942]LogModuleManager: Shutting down and abandoning module CableComponent (288)
[2018.01.17-16.03.13:097][942]LogModuleManager: Shutting down and abandoning module ArchVisCharacter (286)
[2018.01.17-16.03.13:097][942]LogModuleManager: Shutting down and abandoning module MediaPlayerEditor (282)
[2018.01.17-16.03.13:097][942]LogModuleManager: Shutting down and abandoning module HTML5Networking (280)
[2018.01.17-16.03.13:097][942]LogModuleManager: Shutting down and abandoning module AlembicImporter (278)
[2018.01.17-16.03.13:097][942]LogModuleManager: Shutting down and abandoning module AlembicLibrary (277)
[2018.01.17-16.03.13:097][942]LogModuleManager: Shutting down and abandoning module GeometryCache (276)
[2018.01.17-16.03.13:097][942]LogModuleManager: Shutting down and abandoning module GeometryCacheEd (275)
[2018.01.17-16.03.13:097][942]LogModuleManager: Shutting down and abandoning module SuperSearchEditor (270)
[2018.01.17-16.03.13:097][942]LogModuleManager: Shutting down and abandoning module SuperSearch (269)
[2018.01.17-16.03.13:097][942]LogModuleManager: Shutting down and abandoning module SpeedTreeImporter (266)
[2018.01.17-16.03.13:097][942]LogModuleManager: Shutting down and abandoning module PluginBrowser (264)
[2018.01.17-16.03.13:097][942]LogModuleManager: Shutting down and abandoning module MobileLauncherProfileWizard (262)
[2018.01.17-16.03.13:097][942]LogModuleManager: Shutting down and abandoning module EpicSurvey (260)
[2018.01.17-16.03.13:097][942]LogModuleManager: Shutting down and abandoning module VisualStudioSourceCodeAccess (258)
[2018.01.17-16.03.13:097][942]LogModuleManager: Shutting down and abandoning module DesktopPlatform (257)
[2018.01.17-16.03.13:097][942]LogModuleManager: Shutting down and abandoning module UObjectPlugin (254)
[2018.01.17-16.03.13:097][942]LogModuleManager: Shutting down and abandoning module SubversionSourceControl (252)
[2018.01.17-16.03.13:097][942]LogModuleManager: Shutting down and abandoning module PerforceSourceControl (250)
[2018.01.17-16.03.13:097][942]LogModuleManager: Shutting down and abandoning module GitSourceControl (248)
[2018.01.17-16.03.13:097][942]LogModuleManager: Shutting down and abandoning module SourceControl (247)
[2018.01.17-16.03.13:097][942]LogModuleManager: Shutting down and abandoning module LightPropagationVolumeEditor (244)
[2018.01.17-16.03.13:097][942]LogModuleManager: Shutting down and abandoning module PaperTiledImporter (242)
[2018.01.17-16.03.13:097][942]LogModuleManager: Shutting down and abandoning module PaperSpriteSheetImporter (240)
[2018.01.17-16.03.13:097][942]LogModuleManager: Shutting down and abandoning module Paper2DEditor (238)
[2018.01.17-16.03.13:098][942]LogModuleManager: Shutting down and abandoning module MeshPaint (237)
[2018.01.17-16.03.13:098][942]LogModuleManager: Shutting down and abandoning module LevelEditor (235)
[2018.01.17-16.03.13:099][942]LogModuleManager: Shutting down and abandoning module PixelInspectorModule (234)
[2018.01.17-16.03.13:099][942]LogModuleManager: Shutting down and abandoning module MainFrame (232)
[2018.01.17-16.03.13:099][942]LogModuleManager: Shutting down and abandoning module HotReload (231)
[2018.01.17-16.03.13:099][942]LogDirectoryWatcher: A directory notification for 'E:/repos/04_BattleTank/BattleTank/Binaries/Win64' was aborted.
[2018.01.17-16.03.13:100][942]LogModuleManager: Shutting down and abandoning module ContentBrowser (227)
[2018.01.17-16.03.13:101][942]LogModuleManager: Shutting down and abandoning module BattleTank (224)
[2018.01.17-16.03.13:101][942]LogModuleManager: Shutting down and abandoning module PhysXVehiclesEditor (222)
[2018.01.17-16.03.13:101][942]LogModuleManager: Shutting down and abandoning module PhysXVehicles (220)
[2018.01.17-16.03.13:101][942]LogModuleManager: Shutting down and abandoning module LocationServicesBPLibrary (218)
[2018.01.17-16.03.13:101][942]LogModuleManager: Shutting down and abandoning module UdpMessaging (216)
[2018.01.17-16.03.13:203][942]LogModuleManager: Shutting down and abandoning module TcpMessaging (214)
[2018.01.17-16.03.13:304][942]LogModuleManager: Shutting down and abandoning module GameplayTagsEditor (212)
[2018.01.17-16.03.13:304][942]LogModuleManager: Shutting down and abandoning module FacialAnimationEditor (210)
[2018.01.17-16.03.13:304][942]LogModuleManager: Shutting down and abandoning module FacialAnimation (208)
[2018.01.17-16.03.13:304][942]LogModuleManager: Shutting down and abandoning module LightPropagationVolumeRuntime (206)
[2018.01.17-16.03.13:304][942]LogModuleManager: Shutting down and abandoning module Paper2D (204)
[2018.01.17-16.03.13:304][942]LogModuleManager: Shutting down and abandoning module WindowsMoviePlayer (202)
[2018.01.17-16.03.13:304][942]LogModuleManager: Shutting down and abandoning module WmfMedia (200)
[2018.01.17-16.03.13:309][942]LogModuleManager: Shutting down and abandoning module MfMedia (198)
[2018.01.17-16.03.13:309][942]LogModuleManager: Shutting down and abandoning module MediaAssets (196)
[2018.01.17-16.03.13:309][942]LogModuleManager: Shutting down and abandoning module GameLiveStreaming (194)
[2018.01.17-16.03.13:309][942]LogModuleManager: Shutting down and abandoning module VREditor (192)
[2018.01.17-16.03.13:309][942]LogModuleManager: Shutting down and abandoning module GameplayTasksEditor (190)
[2018.01.17-16.03.13:309][942]LogModuleManager: Shutting down and abandoning module BehaviorTreeEditor (188)
[2018.01.17-16.03.13:310][942]LogModuleManager: Shutting down and abandoning module FunctionalTesting (186)
[2018.01.17-16.03.13:310][942]LogModuleManager: Shutting down and abandoning module CollisionAnalyzer (184)
[2018.01.17-16.03.13:310][942]LogModuleManager: Shutting down and abandoning module UMG (182)
[2018.01.17-16.03.13:310][942]LogModuleManager: Shutting down and abandoning module UMGEditor (181)
[2018.01.17-16.03.13:310][942]LogModuleManager: Shutting down and abandoning module Sequencer (180)
[2018.01.17-16.03.13:310][942]LogModuleManager: Shutting down and abandoning module AssetTools (178)
[2018.01.17-16.03.13:310][942]LogModuleManager: Shutting down and abandoning module MessageLog (177)
[2018.01.17-16.03.13:310][942]LogModuleManager: Shutting down and abandoning module WorkspaceMenuStructure (176)
[2018.01.17-16.03.13:310][942]LogModuleManager: Shutting down and abandoning module SlateReflector (170)
[2018.01.17-16.03.13:310][942]LogModuleManager: Shutting down and abandoning module Slate (168)
[2018.01.17-16.03.13:310][942]LogModuleManager: Shutting down and abandoning module EditorStyle (166)
[2018.01.17-16.03.13:317][942]LogModuleManager: Shutting down and abandoning module SourceCodeAccess (164)
[2018.01.17-16.03.13:317][942]LogModuleManager: Shutting down and abandoning module HeadMountedDisplay (162)
[2018.01.17-16.03.13:317][942]LogModuleManager: Shutting down and abandoning module XAudio2 (160)
[2018.01.17-16.03.13:317][942]LogModuleManager: Shutting down and abandoning module Networking (158)
[2018.01.17-16.03.13:317][942]LogModuleManager: Shutting down and abandoning module Core (154)
[2018.01.17-16.03.13:317][942]LogModuleManager: Shutting down and abandoning module AssetRegistry (152)
[2018.01.17-16.03.13:515][942]LogDirectoryWatcher: A directory notification for '../../../Engine/Content/' was aborted.
[2018.01.17-16.03.13:515][942]LogDirectoryWatcher: A directory notification for '../../../../repos/04_BattleTank/BattleTank/Content/' was aborted.
[2018.01.17-16.03.13:515][942]LogDirectoryWatcher: A directory notification for '../../../Engine/Plugins/2D/Paper2D/Content/' was aborted.
[2018.01.17-16.03.13:515][942]LogModuleManager: Shutting down and abandoning module DirectoryWatcher (151)
[2018.01.17-16.03.13:516][942]LogModuleManager: Shutting down and abandoning module KismetCompiler (148)
[2018.01.17-16.03.13:516][942]LogModuleManager: Shutting down and abandoning module PhysXFormats (146)
[2018.01.17-16.03.13:516][942]LogModuleManager: Shutting down and abandoning module MeshUtilities (144)
[2018.01.17-16.03.13:516][942]LogModuleManager: Shutting down and abandoning module SimplygonSwarm (143)
[2018.01.17-16.03.13:516][942]LogModuleManager: Shutting down and abandoning module SimplygonMeshReduction (141)
[2018.01.17-16.03.13:516][942]LogModuleManager: Shutting down and abandoning module QuadricMeshReduction (139)
[2018.01.17-16.03.13:516][942]LogModuleManager: Shutting down and abandoning module PropertyEditor (137)
[2018.01.17-16.03.13:516][942]LogModuleManager: Shutting down and abandoning module DerivedDataCache (134)
[2018.01.17-16.03.13:563][942]LogDerivedDataCache: Shutdown
[2018.01.17-16.03.13:563][942]LogModuleManager: Shutting down and abandoning module TargetPlatform (132)
[2018.01.17-16.03.13:563][942]LogModuleManager: Shutting down and abandoning module VulkanShaderFormat (131)
[2018.01.17-16.03.13:563][942]LogModuleManager: Shutting down and abandoning module ShaderFormatOpenGL (129)
[2018.01.17-16.03.13:563][942]LogModuleManager: Shutting down and abandoning module ShaderFormatD3D (127)
[2018.01.17-16.03.13:563][942]LogModuleManager: Shutting down and abandoning module MetalShaderFormat (125)
[2018.01.17-16.03.13:563][942]LogModuleManager: Shutting down and abandoning module TextureFormatUncompressed (123)
[2018.01.17-16.03.13:563][942]LogModuleManager: Shutting down and abandoning module TextureFormatPVR (121)
[2018.01.17-16.03.13:563][942]LogModuleManager: Shutting down and abandoning module TextureFormatDXT (119)
[2018.01.17-16.03.13:563][942]LogModuleManager: Shutting down and abandoning module TextureFormatIntelISPCTexComp (117)
[2018.01.17-16.03.13:563][942]LogModuleManager: Shutting down and abandoning module TextureFormatASTC (115)
[2018.01.17-16.03.13:563][942]LogModuleManager: Shutting down and abandoning module ImageWrapper (114)
[2018.01.17-16.03.13:563][942]LogModuleManager: Shutting down and abandoning module TextureFormatAndroid (111)
[2018.01.17-16.03.13:563][942]LogModuleManager: Shutting down and abandoning module AudioFormatOpus (109)
[2018.01.17-16.03.13:563][942]LogModuleManager: Shutting down and abandoning module AudioFormatOgg (107)
[2018.01.17-16.03.13:563][942]LogModuleManager: Shutting down and abandoning module AudioFormatADPCM (105)
[2018.01.17-16.03.13:564][942]LogModuleManager: Shutting down and abandoning module LinuxTargetPlatform (103)
[2018.01.17-16.03.13:564][942]LogModuleManager: Shutting down and abandoning module LinuxServerTargetPlatform (101)
[2018.01.17-16.03.13:564][942]LogModuleManager: Shutting down and abandoning module LinuxNoEditorTargetPlatform (99)
[2018.01.17-16.03.13:564][942]LogModuleManager: Shutting down and abandoning module LinuxClientTargetPlatform (97)
[2018.01.17-16.03.13:564][942]LogModuleManager: Shutting down and abandoning module TVOSTargetPlatform (95)
[2018.01.17-16.03.13:564][942]LogModuleManager: Shutting down and abandoning module Messaging (93)
[2018.01.17-16.03.13:564][942]LogModuleManager: Shutting down and abandoning module IOSTargetPlatform (91)
[2018.01.17-16.03.13:564][942]LogModuleManager: Shutting down and abandoning module HTML5TargetPlatform (89)
[2018.01.17-16.03.13:564][942]LogModuleManager: Shutting down and abandoning module Android_PVRTCTargetPlatform (87)
[2018.01.17-16.03.13:564][942]LogModuleManager: Shutting down and abandoning module Android_MultiTargetPlatform (85)
[2018.01.17-16.03.13:564][942]LogModuleManager: Shutting down and abandoning module Android_ETC2TargetPlatform (83)
[2018.01.17-16.03.13:564][942]LogModuleManager: Shutting down and abandoning module Android_ETC1TargetPlatform (81)
[2018.01.17-16.03.13:564][942]LogModuleManager: Shutting down and abandoning module Android_DXTTargetPlatform (79)
[2018.01.17-16.03.13:564][942]LogModuleManager: Shutting down and abandoning module Android_ATCTargetPlatform (77)
[2018.01.17-16.03.13:564][942]LogModuleManager: Shutting down and abandoning module Android_ASTCTargetPlatform (75)
[2018.01.17-16.03.13:564][942]LogModuleManager: Shutting down and abandoning module AndroidTargetPlatform (73)
[2018.01.17-16.03.13:564][942]LogModuleManager: Shutting down and abandoning module WindowsTargetPlatform (71)
[2018.01.17-16.03.13:564][942]LogModuleManager: Shutting down and abandoning module WindowsServerTargetPlatform (69)
[2018.01.17-16.03.13:564][942]LogModuleManager: Shutting down and abandoning module WindowsNoEditorTargetPlatform (67)
[2018.01.17-16.03.13:564][942]LogModuleManager: Shutting down and abandoning module WindowsClientTargetPlatform (65)
[2018.01.17-16.03.13:564][942]LogModuleManager: Shutting down and abandoning module MacTargetPlatform (63)
[2018.01.17-16.03.13:564][942]LogModuleManager: Shutting down and abandoning module MacServerTargetPlatform (61)
[2018.01.17-16.03.13:564][942]LogModuleManager: Shutting down and abandoning module MacNoEditorTargetPlatform (59)
[2018.01.17-16.03.13:564][942]LogModuleManager: Shutting down and abandoning module MacClientTargetPlatform (57)
[2018.01.17-16.03.13:564][942]LogModuleManager: Shutting down and abandoning module AllDesktopTargetPlatform (55)
[2018.01.17-16.03.13:564][942]LogModuleManager: Shutting down and abandoning module InputCore (52)
[2018.01.17-16.03.13:564][942]LogModuleManager: Shutting down and abandoning module Settings (50)
[2018.01.17-16.03.13:564][942]LogModuleManager: Shutting down and abandoning module OculusRift (48)
[2018.01.17-16.03.13:564][942]LogModuleManager: Shutting down and abandoning module GearVR (46)
[2018.01.17-16.03.13:565][942]LogModuleManager: Shutting down and abandoning module ExampleDeviceProfileSelector (44)
[2018.01.17-16.03.13:565][942]LogModuleManager: Shutting down and abandoning module OnlineBlueprintSupport (42)
[2018.01.17-16.03.13:565][942]LogModuleManager: Shutting down and abandoning module OnlineSubsystem (38)
[2018.01.17-16.03.13:565][942]LogOnline:Display: Unloading online subsystem: NULL
[2018.01.17-16.03.13:565][942]LogModuleManager: Shutting down and abandoning module XMPP (37)
[2018.01.17-16.03.13:565][942]LogModuleManager: Shutting down and abandoning module HTTP (35)
[2018.01.17-16.03.13:565][942]LogHttp:Display: Http module shutting down, but needs to wait on 1 outstanding Http requests:
[2018.01.17-16.03.13:565][942]LogHttp:Display: 	verb=[POST] url=[https://datarouter.ol.epicgames.com/datarouter/api/v1/public/data?SessionID=%7B49F8091A-4FC0-D0A8-062D-C8B2E1C2080A%7D&AppID=UEEditor.Rocket.Release&AppVersion=4.15.3-3450819%2B%2B%2BUE4%2BRelease-4.15&UserID=378dcca348bf8477328b32829acfef5e%7Cc15e907d970843dd860c8fe92883b42e%7C09a74135-a755-4450-b7d2-54aaedada35d&AppEnvironment=datacollector-binary&UploadType=eteventstream] status=Processing
[2018.01.17-16.03.13:595][942]LogModuleManager: Shutting down and abandoning module SSL (34)
[2018.01.17-16.03.13:597][942]LogModuleManager: Shutting down and abandoning module AudioEditor (30)
[2018.01.17-16.03.13:597][942]LogModuleManager: Shutting down and abandoning module TextureCompressor (28)
[2018.01.17-16.03.13:597][942]LogModuleManager: Shutting down and abandoning module ShaderCore (26)
[2018.01.17-16.03.13:597][942]LogModuleManager: Shutting down and abandoning module Landscape (24)
[2018.01.17-16.03.13:598][942]LogModuleManager: Shutting down and abandoning module SlateRHIRenderer (22)
[2018.01.17-16.03.13:601][942]LogModuleManager: Shutting down and abandoning module OpenGLDrv (20)
[2018.01.17-16.03.13:601][942]LogModuleManager: Shutting down and abandoning module D3D11RHI (18)
[2018.01.17-16.03.13:601][942]LogModuleManager: Shutting down and abandoning module AnimGraphRuntime (16)
[2018.01.17-16.03.13:601][942]LogModuleManager: Shutting down and abandoning module Renderer (14)
[2018.01.17-16.03.13:601][942]LogModuleManager: Shutting down and abandoning module Engine (12)
[2018.01.17-16.03.13:601][942]LogModuleManager: Shutting down and abandoning module CoreUObject (10)
[2018.01.17-16.03.13:601][942]LogModuleManager: Shutting down and abandoning module NetworkFile (8)
[2018.01.17-16.03.13:601][942]LogModuleManager: Shutting down and abandoning module StreamingFile (6)
[2018.01.17-16.03.13:601][942]LogModuleManager: Shutting down and abandoning module SandboxFile (4)
[2018.01.17-16.03.13:601][942]LogModuleManager: Shutting down and abandoning module PakFile (2)
[2018.01.17-16.03.13:605][942]LogExit: Exiting.
[2018.01.17-16.03.13:657][942]Log file closed, 01/17/18 11:03:13
