Log file open, 01/16/18 16:13:30
LogInit:Display: Running engine for game: BattleTank
LogPlatformFile: Not using cached read wrapper
LogInit:Display: RandInit(-949106626) SRandInit(-949106626).
LogTaskGraph: Started task graph with 5 named threads and 8 total threads with 1 sets of task threads.
LogStats: Stats thread started at 0.075153
LogInit: Using libcurl 7.47.1
LogInit:  - built for x86_64-pc-win32
LogInit:  - supports SSL with OpenSSL/1.0.2g
LogInit:  - supports HTTP deflate (compression) using libz 1.2.8
LogInit:  - other features:
LogInit:      CURL_VERSION_SSL
LogInit:      CURL_VERSION_LIBZ
LogInit:      CURL_VERSION_IPV6
LogInit:      CURL_VERSION_ASYNCHDNS
LogInit:      CURL_VERSION_LARGEFILE
LogInit:      CURL_VERSION_IDN
LogInit:  CurlRequestOptions (configurable via config and command line):
LogInit:  - bVerifyPeer = false  - Libcurl will NOT verify peer certificate
LogInit:  - bUseHttpProxy = false  - Libcurl will NOT use HTTP proxy
LogInit:  - bDontReuseConnections = false  - Libcurl will reuse connections
LogInit:  - CertBundlePath = nullptr  - Libcurl will use whatever was configured at build time.
LogInit: Build: ++UE4+Release-4.15-CL-3450819
LogInit: Engine Version: 4.15.3-3450819+++UE4+Release-4.15
LogInit: Compatible Engine Version: 4.15.0-3299760+++UE4+Release-4.15
LogInit: Net CL: 3299760
LogDevObjectVersion: Number of dev versions registered: 14
LogDevObjectVersion:   Dev-Blueprints (B0D832E4-1F89-4F0D-ACCF-7EB736FD4AA2): 8
LogDevObjectVersion:   Dev-Build (E1C64328-A22C-4D53-A36C-8E866417BD8C): 0
LogDevObjectVersion:   Dev-Core (375EC13C-06E4-48FB-B500-84F0262A717E): 2
LogDevObjectVersion:   Dev-Editor (E4B068ED-F494-42E9-A231-DA0B2E46BB41): 14
LogDevObjectVersion:   Dev-Framework (CFFC743F-43B0-4480-9391-14DF171D2073): 22
LogDevObjectVersion:   Dev-Mobile (B02B49B5-BB20-44E9-A304-32B752E40360): 0
LogDevObjectVersion:   Dev-Networking (A4E4105C-59A1-49B5-A7C5-40C4547EDFEE): 0
LogDevObjectVersion:   Dev-Online (39C831C9-5AE6-47DC-9A44-9C173E1C8E7C): 0
LogDevObjectVersion:   Dev-Physics (78F01B33-EBEA-4F98-B9B4-84EACCB95AA2): 0
LogDevObjectVersion:   Dev-Platform (6631380F-2D4D-43E0-8009-CF276956A95A): 0
LogDevObjectVersion:   Dev-Rendering (12F88B9F-8875-4AFC-A67C-D90C383ABD29): 12
LogDevObjectVersion:   Dev-Sequencer (7B5AE74C-D270-4C10-A958-57980B212A5A): 3
LogDevObjectVersion:   Dev-VR (D7296918-1DD6-4BDD-9DE2-64A83CC13884): 0
LogDevObjectVersion:   Dev-LoadTimes (C2A15278-BFE7-4AFE-6C17-90FF531DF755): 1
LogInit: Compiled (64-bit): May 21 2017 11:02:34
LogInit: Compiled with Visual C++: 19.00.23026.00
LogInit: Build Configuration: Development
LogInit: Branch Name: ++UE4+Release-4.15
LogInit: Command line: -EpicPortal 
LogInit: Base directory: E:/UE_4.15/Engine/Binaries/Win64/
LogInit: Installed Engine Build: 1
LogInit: Presizing for max 8388607 objects, including 0 objects not considered by GC, pre-allocating 0 bytes for permanent pool.
LogInit: Object subsystem initialized
[2018.01.16-21.13.30:930][  0]LogInit: Selected Device Profile: [Windows]
[2018.01.16-21.13.30:930][  0]LogInit: Applying CVar settings loaded from the selected device profile: [Windows]
[2018.01.16-21.13.30:935][  0]LogInit: Computer: LYSANDER-PC
[2018.01.16-21.13.30:935][  0]LogInit: User: Lysander
[2018.01.16-21.13.30:935][  0]LogInit: CPU Page size=65536, Cores=4
[2018.01.16-21.13.30:935][  0]LogInit: High frequency timer resolution =3.897229 MHz
[2018.01.16-21.13.30:936][  0]LogMemory: Memory total: Physical=8.0GB (8GB approx)
[2018.01.16-21.13.30:936][  0]LogMemory: Platform Memory Stats for Windows
[2018.01.16-21.13.30:936][  0]LogMemory: Process Physical Memory: 265.34 MB used, 265.34 MB peak
[2018.01.16-21.13.30:936][  0]LogMemory: Process Virtual Memory: 262.38 MB used, 262.38 MB peak
[2018.01.16-21.13.30:936][  0]LogMemory: Physical Memory: 4296.97 MB used,  3845.83 MB free, 8142.80 MB total
[2018.01.16-21.13.30:936][  0]LogMemory: Virtual Memory: 678.69 MB used,  3845.83 MB free, 134217728.00 MB total
[2018.01.16-21.13.31:003][  0]LogTextLocalizationManager: No specific translations for ('en-US') exist, so ('en') translations will be used.
[2018.01.16-21.13.31:602][  0]LogD3D11RHI: D3D11 adapters:
[2018.01.16-21.13.31:636][  0]LogD3D11RHI:    0. 'NVIDIA GeForce GTX 1080' (Feature Level 11_0)
[2018.01.16-21.13.31:636][  0]LogD3D11RHI:       8086/0/4071 MB DedicatedVideo/DedicatedSystem/SharedSystem, Outputs:1, VendorId:0x10de
[2018.01.16-21.13.31:639][  0]LogD3D11RHI:    1. 'Microsoft Basic Render Driver' (Feature Level 11_0)
[2018.01.16-21.13.31:639][  0]LogD3D11RHI:       0/0/4071 MB DedicatedVideo/DedicatedSystem/SharedSystem, Outputs:0, VendorId:0x1414
[2018.01.16-21.13.31:639][  0]LogD3D11RHI: Chosen D3D11 Adapter: 0
[2018.01.16-21.13.31:645][  0]LogD3D11RHI: Creating new Direct3DDevice
[2018.01.16-21.13.31:645][  0]LogD3D11RHI:     GPU DeviceId: 0x1b80 (for the marketing name, search the web for "GPU Device Id")
[2018.01.16-21.13.31:645][  0]LogWindows: EnumDisplayDevices:
[2018.01.16-21.13.31:645][  0]LogWindows:    0. 'NVIDIA GeForce GTX 1080' (P:1 D:1)
[2018.01.16-21.13.31:645][  0]LogWindows:    1. 'NVIDIA GeForce GTX 1080' (P:0 D:0)
[2018.01.16-21.13.31:645][  0]LogWindows:    2. 'NVIDIA GeForce GTX 1080' (P:0 D:0)
[2018.01.16-21.13.31:645][  0]LogWindows:    3. 'NVIDIA GeForce GTX 1080' (P:0 D:0)
[2018.01.16-21.13.31:645][  0]LogWindows: DebugString: GetVideoDriverDetailsInvalid PrimaryIsNotTheChoosenAdapter GetVideoDriverDetailsInvalid PrimaryIsNotTheChoosenAdapter GetVideoDriverDetailsInvalid PrimaryIsNotTheChoosenAdapter GetVideoDriverDetailsInvalid PrimaryIsNotTheChoosenAdapter FoundDriverCount:0 
[2018.01.16-21.13.31:645][  0]LogD3D11RHI:     Adapter Name: NVIDIA GeForce GTX 1080
[2018.01.16-21.13.31:645][  0]LogD3D11RHI:   Driver Version: Unknown (internal:Unknown, unified:Unknown)
[2018.01.16-21.13.31:645][  0]LogD3D11RHI:      Driver Date: Unknown
[2018.01.16-21.13.31:645][  0]LogRHI: Texture pool is 1361 MB (70% of 1945 MB)
[2018.01.16-21.13.31:666][  0]LogD3D11RHI: Async texture creation enabled
[2018.01.16-21.13.31:679][  0]LogD3D11RHI: GPU Timing Frequency: 1000.000000 (Debug: 2 1)
[2018.01.16-21.13.31:721][  0]LogShaderCompilers: Guid format shader working directory is 6 characters bigger than the processId version (../../../../repos/04_BattleTank/BattleTank/Intermediate/Shaders/WorkingDirectory/12828/).
[2018.01.16-21.13.31:721][  0]LogShaderCompilers: Cleaned the shader compiler working directory 'C:/Users/Lysander/AppData/Local/Temp/UnrealShaderWorkingDir/DDCB144C48D48AE77DA9E1B7123213D9/'.
[2018.01.16-21.13.31:721][  0]LogShaderCompilers:Display: Using Local Shader Compiler.
[2018.01.16-21.13.32:661][  0]LogTemp:Display: Loaded TP AllDesktopTargetPlatform
[2018.01.16-21.13.32:698][  0]LogTemp:Display: Loaded TP MacClientTargetPlatform
[2018.01.16-21.13.32:735][  0]LogTemp:Display: Loaded TP MacNoEditorTargetPlatform
[2018.01.16-21.13.32:774][  0]LogTemp:Display: Loaded TP MacServerTargetPlatform
[2018.01.16-21.13.32:813][  0]LogTemp:Display: Loaded TP MacTargetPlatform
[2018.01.16-21.13.32:856][  0]LogTemp:Display: Loaded TP WindowsClientTargetPlatform
[2018.01.16-21.13.32:908][  0]LogTemp:Display: Loaded TP WindowsNoEditorTargetPlatform
[2018.01.16-21.13.32:948][  0]LogTemp:Display: Loaded TP WindowsServerTargetPlatform
[2018.01.16-21.13.32:982][  0]LogTemp:Display: Loaded TP WindowsTargetPlatform
[2018.01.16-21.13.33:020][  0]LogTemp:Display: Loaded TP AndroidTargetPlatform
[2018.01.16-21.13.33:058][  0]LogTemp:Display: Loaded TP Android_ASTCTargetPlatform
[2018.01.16-21.13.33:093][  0]LogTemp:Display: Loaded TP Android_ATCTargetPlatform
[2018.01.16-21.13.33:129][  0]LogTemp:Display: Loaded TP Android_DXTTargetPlatform
[2018.01.16-21.13.33:166][  0]LogTemp:Display: Loaded TP Android_ETC1TargetPlatform
[2018.01.16-21.13.33:202][  0]LogTemp:Display: Loaded TP Android_ETC2TargetPlatform
[2018.01.16-21.13.33:275][  0]LogTemp:Display: Loaded TP Android_MultiTargetPlatform
[2018.01.16-21.13.33:276][  0]LogTemp:Display: Loaded TP Android_PVRTCTargetPlatform
[2018.01.16-21.13.33:305][  0]LogTemp:Display: Loaded TP HTML5TargetPlatform
[2018.01.16-21.13.33:377][  0]LogTemp:Display: Loaded TP IOSTargetPlatform
[2018.01.16-21.13.33:400][  0]LogTemp:Display: Loaded TP TVOSTargetPlatform
[2018.01.16-21.13.33:438][  0]LogTemp:Display: Loaded TP LinuxClientTargetPlatform
[2018.01.16-21.13.33:479][  0]LogTemp:Display: Loaded TP LinuxNoEditorTargetPlatform
[2018.01.16-21.13.33:516][  0]LogTemp:Display: Loaded TP LinuxServerTargetPlatform
[2018.01.16-21.13.33:554][  0]LogTemp:Display: Loaded TP LinuxTargetPlatform
[2018.01.16-21.13.33:554][  0]LogTargetPlatformManager:Display: Building Assets For Windows
[2018.01.16-21.13.33:854][  0]LogDerivedDataCache:Display: Max Cache Size: 512 MB
[2018.01.16-21.13.33:890][  0]LogDerivedDataCache: Loaded boot cache 0.04s 50MB C:/Users/Lysander/AppData/Local/UnrealEngine/4.15/DerivedDataCache/Boot.ddc.
[2018.01.16-21.13.33:890][  0]LogDerivedDataCache:Display: Loaded Boot cache: C:/Users/Lysander/AppData/Local/UnrealEngine/4.15/DerivedDataCache/Boot.ddc
[2018.01.16-21.13.33:891][  0]LogDerivedDataCache: FDerivedDataBackendGraph:  Pak pak cache file ../../../../repos/04_BattleTank/BattleTank/DerivedDataCache/DDC.ddp not found, will not use a pak cache.
[2018.01.16-21.13.33:891][  0]LogDerivedDataCache: Unable to find inner node Pak for hierarchical cache Hierarchy.
[2018.01.16-21.13.33:891][  0]LogDerivedDataCache: FDerivedDataBackendGraph:  CompressedPak pak cache file ../../../../repos/04_BattleTank/BattleTank/DerivedDataCache/Compressed.ddp not found, will not use a pak cache.
[2018.01.16-21.13.33:891][  0]LogDerivedDataCache: Unable to find inner node CompressedPak for hierarchical cache Hierarchy.
[2018.01.16-21.13.33:907][  0]LogDerivedDataCache:Display: Pak cache opened for reading ../../../Engine/DerivedDataCache/Compressed.ddp.
[2018.01.16-21.13.33:920][  0]LogDerivedDataCache: Using Local data cache path C:/Users/Lysander/AppData/Local/UnrealEngine/Common/DerivedDataCache: Writable
[2018.01.16-21.13.33:927][  0]LogSlate: Using Freetype 2.6.0
[2018.01.16-21.13.33:928][  0]LogSlate: SlateFontCache - WITH_FREETYPE: 1, WITH_HARFBUZZ: 1
[2018.01.16-21.13.33:928][  0]LogSlate: SlateFontCache - WITH_FREETYPE: 1, WITH_HARFBUZZ: 1
[2018.01.16-21.13.34:202][  0]LogInit: Selected Device Profile: [Windows]
[2018.01.16-21.13.34:205][  0]LogContentStreaming: Texture pool size is 0.00 MB
[2018.01.16-21.13.34:447][  0]LogMeshUtilities: Using QuadricMeshReduction for automatic static mesh reduction
[2018.01.16-21.13.34:474][  0]LogSimplygon: Simplygon DLL not present - disabling.
[2018.01.16-21.13.34:519][  0]LogMeshUtilities: Using SimplygonSwarm for distributed automatic mesh merging
[2018.01.16-21.13.34:519][  0]LogMeshUtilities: No automatic skeletal mesh reduction module available
[2018.01.16-21.13.34:519][  0]LogMeshUtilities: No automatic mesh merging module available
[2018.01.16-21.13.34:959][  0]LogNetVersion: GetLocalNetworkVersion: CL: 3299760, ProjectName: battletank, ProjectVersion: , EngineNetworkVersion: 2, GameNetworkVersion: 0, NetworkChecksum: 2512795372
[2018.01.16-21.13.34:997][  0]LogAssetRegistry: FAssetRegistry took 0.0218 seconds to start up
[2018.01.16-21.13.35:064][  0]LogPackageLocalizationCache: Processed 3 localized package path(s) for 2 prioritized culture(s) in 0.050439 seconds
[2018.01.16-21.13.35:069][  0]LogUObjectArray: 32493 objects as part of root set at end of initial load.
[2018.01.16-21.13.35:069][  0]LogUObjectAllocator: 7077032 out of 0 bytes used by permanent object pool.
[2018.01.16-21.13.35:069][  0]LogUObjectArray: CloseDisregardForGC: 0/0 objects in disregard for GC pool
[2018.01.16-21.13.35:110][  0]LogInit: WinSock: version 1.1 (2.2), MaxSocks=32767, MaxUdp=65467
[2018.01.16-21.13.36:399][  0]LogTcpMessaging: Initializing TcpMessaging bridge
[2018.01.16-21.13.36:449][  0]LogUdpMessaging: Initializing bridge on interface 0.0.0.0:0 to multicast group 230.0.0.1:6666.
[2018.01.16-21.13.36:844][  0]LogMaterial: Uniform references updated for custom material expression Custom.
[2018.01.16-21.13.37:116][  0]SourceControl: Info Source control is disabled
[2018.01.16-21.13.37:159][  0]SourceControl: Info Source control is disabled
[2018.01.16-21.13.37:196][  0]SourceControl: Info Source control is disabled
[2018.01.16-21.13.37:229][  0]SourceControl: Info Source control is disabled
[2018.01.16-21.13.38:162][  0]LogEngine: Initializing Engine...
[2018.01.16-21.13.38:163][  0]LogHMD: Failed to initialize OpenVR with code 110
[2018.01.16-21.13.38:256][  0]LogStats: UGameplayTagsManager::ConstructGameplayTagTree: Construct from data asset -  0.000 s
[2018.01.16-21.13.38:256][  0]LogStats: UGameplayTagsManager::ConstructGameplayTagTree: GameplayTagTreeChangedEvent.Broadcast -  0.000 s
[2018.01.16-21.13.38:332][  0]LogAIModule: Creating AISystem for world Untitled
[2018.01.16-21.13.38:343][  0]LogInit: XAudio2 using 'Speakers (High Definition Audio Device)' : 2 channels at 48 kHz using 16 bits per sample (channel mask 0x3)
[2018.01.16-21.13.38:364][  0]LogInit: FAudioDevice initialized.
[2018.01.16-21.13.38:386][  0]LogDerivedDataCache: Saved boot cache 0.02s 50MB C:/Users/Lysander/AppData/Local/UnrealEngine/4.15/DerivedDataCache/Boot.ddc.
[2018.01.16-21.13.38:392][  0]LogInit: Texture streaming: Enabled
[2018.01.16-21.13.38:456][  0]LogEngineSessionManager: EngineSessionManager initialized
[2018.01.16-21.13.38:516][  0]LogInit: Transaction tracking system initialized
[2018.01.16-21.13.38:747][  0]BlueprintLog: New page: Editor Load
[2018.01.16-21.13.39:442][  0]LocalizationService: Info Localization service is disabled
[2018.01.16-21.13.40:158][  0]LogConsoleResponse:Display: 
[2018.01.16-21.13.40:267][  0]LogFileCache: Scanning file cache for directory 'E:/repos/04_BattleTank/BattleTank/Content/' took 0.01s
[2018.01.16-21.13.40:267][  0]LogCook:Display: Max memory allowance for cook 16384mb min free memory 0mb
[2018.01.16-21.13.40:267][  0]LogCook:Display: Mobile HDR setting 1
[2018.01.16-21.13.41:139][  0]SourceControl: Info Source control is disabled
[2018.01.16-21.13.41:139][  0]Cmd: MAP LOAD FILE="../../../Engine/Content/Maps/Templates/Template_Default.umap" TEMPLATE=1 SHOWPROGRESS=1 FEATURELEVEL=3
[2018.01.16-21.13.41:139][  0]LightingResults: New page: Lighting Build
[2018.01.16-21.13.41:166][  0]MapCheck: New page: Map Check
[2018.01.16-21.13.41:166][  0]LightingResults: New page: Lighting Build
[2018.01.16-21.13.41:346][  0]LogAIModule: Creating AISystem for world Untitled_1
[2018.01.16-21.13.41:360][  0]LogActorComponent: RegisterComponentWithWorld: (/Temp/Untitled_1.Untitled_1:PersistentLevel.WorldSettings_1.StaticMeshComponent0) Trying to register component with IsPendingKill() == true. Aborting.
[2018.01.16-21.13.41:364][  0]LogEditorServer: Finished looking for orphan Actors (0.000 secs)
[2018.01.16-21.13.41:367][  0]Cmd: MAP CHECKDEP NOCLEARLOG
[2018.01.16-21.13.41:403][  0]MapCheck: Info Map check complete: 0 Error(s), 0 Warning(s), took 35.367ms to complete.
[2018.01.16-21.13.41:403][  0]LogFileHelpers: Loading map 'Template_Default' took 0.264
[2018.01.16-21.13.41:539][  0]LogCollectionManager: Loaded 0 collections in 0.001148 seconds
[2018.01.16-21.13.41:618][  0]LogFileCache: Scanning file cache for directory 'E:/repos/04_BattleTank/BattleTank/Saved/Collections/' took 0.01s
[2018.01.16-21.13.41:618][  0]LogFileCache: Scanning file cache for directory 'E:/repos/04_BattleTank/BattleTank/Content/Developers/Lysander/Collections/' took 0.01s
[2018.01.16-21.13.41:618][  0]LogFileCache: Scanning file cache for directory 'E:/repos/04_BattleTank/BattleTank/Content/Collections/' took 0.01s
[2018.01.16-21.13.41:618][  0]LogCollectionManager: Rebuilt the GUID cache for 0 collections in 0.000002 seconds
[2018.01.16-21.13.41:629][  0]LogContentBrowser: Native class hierarchy populated in 0.0108 seconds. Added 2247 classes and 457 folders.
[2018.01.16-21.13.41:691][  0]LogContentBrowser: Native class hierarchy updated for 'WidgetCarousel' in 0.0017 seconds. Added 0 classes and 0 folders.
[2018.01.16-21.13.41:739][  0]LogContentBrowser: Native class hierarchy updated for 'AddContentDialog' in 0.0015 seconds. Added 0 classes and 0 folders.
[2018.01.16-21.13.41:817][  0]LogCrashTracker: Crashtracker disabled due to settings.
[2018.01.16-21.13.41:822][  0]LogUObjectGlobals:Warning: Failed to find object 'Class None.'
[2018.01.16-21.13.41:879][  0]LogContentBrowser: Native class hierarchy updated for 'HierarchicalLODOutliner' in 0.0016 seconds. Added 1 classes and 2 folders.
[2018.01.16-21.13.41:879][  0]LogLoad: (Engine Initialization) Total time: 12.92 seconds
[2018.01.16-21.13.41:879][  0]LogLoad: (Engine Initialization) Total Blueprint compile time: 0.08 seconds
[2018.01.16-21.13.41:879][  0]LogExternalProfiler: No external profilers were discovered.  External profiling features will not be available.
[2018.01.16-21.13.41:889][  0]LogWindowsTextInputMethodSystem:Display: IME system now deactivated.
[2018.01.16-21.13.41:889][  0]LogOcInput: OculusInput pre-init called
[2018.01.16-21.13.41:907][  0]LogAssetRegistry: Asset discovery search completed in 6.9314 seconds
[2018.01.16-21.13.41:907][  0]LogCollectionManager: Rebuilt the object cache for 0 collections in 0.000003 seconds (found 0 objects)
[2018.01.16-21.13.41:907][  0]LogCollectionManager: Fixed up redirectors for 0 collections in 0.000014 seconds (updated 0 objects)
[2018.01.16-21.13.41:911][  0]LogContentStreaming: Texture pool size now 1000 MB
[2018.01.16-21.13.41:918][  0]LogSlate: Took 0.000220 seconds to synchronously load lazily loaded font '../../../Engine/Content/Slate/Fonts/Roboto-Regular.ttf' (155K)
[2018.01.16-21.13.41:920][  0]LogSlate: Took 0.000208 seconds to synchronously load lazily loaded font '../../../Engine/Content/Editor/Slate/Fonts/FontAwesome.ttf' (139K)
[2018.01.16-21.13.41:921][  0]LogSlate: Took 0.000151 seconds to synchronously load lazily loaded font '../../../Engine/Content/Slate/Fonts/Roboto-Bold.ttf' (160K)
[2018.01.16-21.13.42:046][  0]LogRenderer: Reallocating scene render targets to support 1992x1284 NumSamples 1 (Frame:2).
[2018.01.16-21.17.45:194][164]LogWindowsTextInputMethodSystem:Display: IME system now deactivated.
[2018.01.16-21.17.45:196][164]LogWindowsTextInputMethodSystem:Display: IME system now deactivated.
[2018.01.16-21.17.45:679][165]Cmd: QUIT_EDITOR
[2018.01.16-21.17.45:765][165]LogExit: Preparing to exit.
[2018.01.16-21.17.46:663][165]LogDirectoryWatcher: A directory notification for 'E:/repos/04_BattleTank/BattleTank/Content/' was aborted.
[2018.01.16-21.17.46:730][165]LogExit: Editor shut down
[2018.01.16-21.17.46:731][165]LogExit: Transaction tracking system shut down
[2018.01.16-21.17.46:875][165]LogObj: Freed 0b from 0 cluster array pools.
[2018.01.16-21.17.46:875][165]LogExit: Object subsystem successfully closed.
[2018.01.16-21.17.46:892][165]LogD3D11RHI: Shutdown
[2018.01.16-21.17.46:892][165]LogD3D11RHI: CleanupD3DDevice
[2018.01.16-21.17.47:026][165]LogD3D11RHI: ~FD3D11DynamicRHI
[2018.01.16-21.17.47:048][165]LogModuleManager: Shutting down and abandoning module HierarchicalLODOutliner (500)
[2018.01.16-21.17.47:048][165]LogModuleManager: Shutting down and abandoning module CrashTracker (498)
[2018.01.16-21.17.47:048][165]LogModuleManager: Shutting down and abandoning module AddContentDialog (496)
[2018.01.16-21.17.47:048][165]LogDirectoryWatcher: A directory notification for 'E:/UE_4.15/FeaturePacks/' was aborted.
[2018.01.16-21.17.47:050][165]LogModuleManager: Shutting down and abandoning module WidgetCarousel (495)
[2018.01.16-21.17.47:050][165]LogModuleManager: Shutting down and abandoning module EditorWidgets (492)
[2018.01.16-21.17.47:050][165]LogModuleManager: Shutting down and abandoning module CollectionManager (490)
[2018.01.16-21.17.47:050][165]LogDirectoryWatcher: A directory notification for 'E:/repos/04_BattleTank/BattleTank/Content/Collections/' was aborted.
[2018.01.16-21.17.47:050][165]LogDirectoryWatcher: A directory notification for 'E:/repos/04_BattleTank/BattleTank/Content/Developers/Lysander/Collections/' was aborted.
[2018.01.16-21.17.47:050][165]LogDirectoryWatcher: A directory notification for 'E:/repos/04_BattleTank/BattleTank/Saved/Collections/' was aborted.
[2018.01.16-21.17.47:050][165]LogModuleManager: Shutting down and abandoning module SceneOutliner (488)
[2018.01.16-21.17.47:050][165]LogModuleManager: Shutting down and abandoning module StatsViewer (486)
[2018.01.16-21.17.47:050][165]LogModuleManager: Shutting down and abandoning module FoliageEdit (484)
[2018.01.16-21.17.47:050][165]LogModuleManager: Shutting down and abandoning module LandscapeEditor (482)
[2018.01.16-21.17.47:050][165]LogModuleManager: Shutting down and abandoning module SceneDepthPickerMode (480)
[2018.01.16-21.17.47:051][165]LogModuleManager: Shutting down and abandoning module ActorPickerMode (478)
[2018.01.16-21.17.47:051][165]LogModuleManager: Shutting down and abandoning module GeometryMode (476)
[2018.01.16-21.17.47:051][165]LogModuleManager: Shutting down and abandoning module TextureAlignMode (474)
[2018.01.16-21.17.47:051][165]LogModuleManager: Shutting down and abandoning module BspMode (472)
[2018.01.16-21.17.47:051][165]LogModuleManager: Shutting down and abandoning module HardwareSurvey (470)
[2018.01.16-21.17.47:051][165]LogModuleManager: Shutting down and abandoning module SequenceRecorderSections (468)
[2018.01.16-21.17.47:051][165]LogModuleManager: Shutting down and abandoning module AutomationWorker (466)
[2018.01.16-21.17.47:051][165]LogModuleManager: Shutting down and abandoning module MatineeToLevelSequence (464)
[2018.01.16-21.17.47:051][165]LogModuleManager: Shutting down and abandoning module LevelSequenceEditor (462)
[2018.01.16-21.17.47:051][165]LogModuleManager: Shutting down and abandoning module PlacementMode (461)
[2018.01.16-21.17.47:051][165]LogModuleManager: Shutting down and abandoning module WmfMediaFactory (458)
[2018.01.16-21.17.47:051][165]LogModuleManager: Shutting down and abandoning module WmfMediaEditor (456)
[2018.01.16-21.17.47:051][165]LogModuleManager: Shutting down and abandoning module MfMediaFactory (454)
[2018.01.16-21.17.47:051][165]LogModuleManager: Shutting down and abandoning module MfMediaEditor (452)
[2018.01.16-21.17.47:051][165]LogModuleManager: Shutting down and abandoning module AvfMediaFactory (450)
[2018.01.16-21.17.47:051][165]LogModuleManager: Shutting down and abandoning module AvfMediaEditor (448)
[2018.01.16-21.17.47:051][165]LogModuleManager: Shutting down and abandoning module AndroidMediaFactory (446)
[2018.01.16-21.17.47:051][165]LogModuleManager: Shutting down and abandoning module Media (445)
[2018.01.16-21.17.47:051][165]LogModuleManager: Shutting down and abandoning module AndroidMediaEditor (442)
[2018.01.16-21.17.47:051][165]LogModuleManager: Shutting down and abandoning module CharacterAI (440)
[2018.01.16-21.17.47:051][165]LogModuleManager: Shutting down and abandoning module AudioCapture (438)
[2018.01.16-21.17.47:051][165]LogModuleManager: Shutting down and abandoning module SequenceRecorder (437)
[2018.01.16-21.17.47:051][165]LogModuleManager: Shutting down and abandoning module SmartSnapping (434)
[2018.01.16-21.17.47:051][165]LogModuleManager: Shutting down and abandoning module SessionServices (432)
[2018.01.16-21.17.47:051][165]LogModuleManager: Shutting down and abandoning module ViewportSnapping (430)
[2018.01.16-21.17.47:051][165]LogModuleManager: Shutting down and abandoning module ViewportInteraction (428)
[2018.01.16-21.17.47:051][165]LogModuleManager: Shutting down and abandoning module LogVisualizer (426)
[2018.01.16-21.17.47:051][165]LogModuleManager: Shutting down and abandoning module IntroTutorials (424)
[2018.01.16-21.17.47:051][165]LogModuleManager: Shutting down and abandoning module GameProjectGeneration (423)
[2018.01.16-21.17.47:051][165]LogModuleManager: Shutting down and abandoning module EditorLiveStreaming (420)
[2018.01.16-21.17.47:051][165]LogModuleManager: Shutting down and abandoning module IOSPlatformEditor (418)
[2018.01.16-21.17.47:051][165]LogModuleManager: Shutting down and abandoning module HTML5PlatformEditor (416)
[2018.01.16-21.17.47:051][165]LogModuleManager: Shutting down and abandoning module AndroidPlatformEditor (414)
[2018.01.16-21.17.47:051][165]LogModuleManager: Shutting down and abandoning module AndroidDeviceDetection (413)
[2018.01.16-21.17.47:778][165]LogModuleManager: Shutting down and abandoning module IOSRuntimeSettings (410)
[2018.01.16-21.17.47:778][165]LogModuleManager: Shutting down and abandoning module AndroidRuntimeSettings (408)
[2018.01.16-21.17.47:778][165]LogModuleManager: Shutting down and abandoning module InputBindingEditor (406)
[2018.01.16-21.17.47:778][165]LogModuleManager: Shutting down and abandoning module NiagaraEditor (404)
[2018.01.16-21.17.47:778][165]LogModuleManager: Shutting down and abandoning module MergeActors (402)
[2018.01.16-21.17.47:778][165]LogModuleManager: Shutting down and abandoning module SizeMap (400)
[2018.01.16-21.17.47:778][165]LogModuleManager: Shutting down and abandoning module TreeMap (398)
[2018.01.16-21.17.47:778][165]LogModuleManager: Shutting down and abandoning module ReferenceViewer (396)
[2018.01.16-21.17.47:778][165]LogModuleManager: Shutting down and abandoning module LocalizationDashboard (394)
[2018.01.16-21.17.47:778][165]LogModuleManager: Shutting down and abandoning module LocalizationService (393)
[2018.01.16-21.17.47:778][165]LogModuleManager: Shutting down and abandoning module HardwareTargeting (390)
[2018.01.16-21.17.47:778][165]LogModuleManager: Shutting down and abandoning module DeviceProfileEditor (388)
[2018.01.16-21.17.47:778][165]LogModuleManager: Shutting down and abandoning module UndoHistory (386)
[2018.01.16-21.17.47:778][165]LogModuleManager: Shutting down and abandoning module UserFeedback (384)
[2018.01.16-21.17.47:778][165]LogModuleManager: Shutting down and abandoning module XmlParser (382)
[2018.01.16-21.17.47:778][165]LogModuleManager: Shutting down and abandoning module Blutility (380)
[2018.01.16-21.17.47:778][165]LogModuleManager: Shutting down and abandoning module ProjectSettingsViewer (378)
[2018.01.16-21.17.47:778][165]LogModuleManager: Shutting down and abandoning module ProjectTargetPlatformEditor (377)
[2018.01.16-21.17.47:779][165]LogModuleManager: Shutting down and abandoning module EditorSettingsViewer (374)
[2018.01.16-21.17.47:779][165]LogModuleManager: Shutting down and abandoning module SettingsEditor (372)
[2018.01.16-21.17.47:779][165]LogModuleManager: Shutting down and abandoning module ProjectLauncher (370)
[2018.01.16-21.17.47:779][165]LogModuleManager: Shutting down and abandoning module SessionFrontend (368)
[2018.01.16-21.17.47:779][165]LogModuleManager: Shutting down and abandoning module ProfilerClient (366)
[2018.01.16-21.17.47:779][165]LogModuleManager: Shutting down and abandoning module DeviceManager (364)
[2018.01.16-21.17.47:779][165]LogModuleManager: Shutting down and abandoning module TargetDeviceServices (363)
[2018.01.16-21.17.47:834][165]LogModuleManager: Shutting down and abandoning module AutomationController (360)
[2018.01.16-21.17.47:834][165]LogModuleManager: Shutting down and abandoning module AutomationWindow (358)
[2018.01.16-21.17.47:834][165]LogModuleManager: Shutting down and abandoning module Layers (356)
[2018.01.16-21.17.47:834][165]LogModuleManager: Shutting down and abandoning module ComponentVisualizers (354)
[2018.01.16-21.17.47:834][165]LogModuleManager: Shutting down and abandoning module DetailCustomizations (352)
[2018.01.16-21.17.47:834][165]LogModuleManager: Shutting down and abandoning module PackagesDialog (350)
[2018.01.16-21.17.47:834][165]LogModuleManager: Shutting down and abandoning module Persona (348)
[2018.01.16-21.17.47:834][165]LogModuleManager: Shutting down and abandoning module AnimGraph (347)
[2018.01.16-21.17.47:834][165]LogModuleManager: Shutting down and abandoning module Kismet (344)
[2018.01.16-21.17.47:835][165]LogModuleManager: Shutting down and abandoning module GraphEditor (342)
[2018.01.16-21.17.47:835][165]LogModuleManager: Shutting down and abandoning module ClassViewer (340)
[2018.01.16-21.17.47:835][165]LogModuleManager: Shutting down and abandoning module Toolbox (338)
[2018.01.16-21.17.47:835][165]LogModuleManager: Shutting down and abandoning module ModuleUI (336)
[2018.01.16-21.17.47:835][165]LogModuleManager: Shutting down and abandoning module MovieSceneTools (334)
[2018.01.16-21.17.47:836][165]LogModuleManager: Shutting down and abandoning module OutputLog (332)
[2018.01.16-21.17.47:836][165]LogModuleManager: Shutting down and abandoning module GammaUI (330)
[2018.01.16-21.17.47:836][165]LogModuleManager: Shutting down and abandoning module Documentation (328)
[2018.01.16-21.17.47:836][165]LogModuleManager: Shutting down and abandoning module Niagara (326)
[2018.01.16-21.17.47:836][165]LogModuleManager: Shutting down and abandoning module StreamingPauseRendering (324)
[2018.01.16-21.17.47:836][165]LogModuleManager: Shutting down and abandoning module AnalyticsET (322)
[2018.01.16-21.17.47:836][165]LogModuleManager: Shutting down and abandoning module PortalServices (320)
[2018.01.16-21.17.47:836][165]LogModuleManager: Shutting down and abandoning module PortalRpc (318)
[2018.01.16-21.17.47:836][165]LogModuleManager: Shutting down and abandoning module MessagingRpc (316)
[2018.01.16-21.17.47:836][165]LogModuleManager: Shutting down and abandoning module AIModule (314)
[2018.01.16-21.17.47:836][165]LogModuleManager: Shutting down and abandoning module GameplayDebugger (313)
[2018.01.16-21.17.47:836][165]LogModuleManager: Shutting down and abandoning module AITestSuite (311)
[2018.01.16-21.17.47:836][165]LogModuleManager: Shutting down and abandoning module ProfilerService (308)
[2018.01.16-21.17.47:925][165]LogModuleManager: Shutting down and abandoning module TaskGraph (306)
[2018.01.16-21.17.47:925][165]LogModuleManager: Shutting down and abandoning module SteamVRController (304)
[2018.01.16-21.17.47:925][165]LogModuleManager: Shutting down and abandoning module SteamVR (302)
[2018.01.16-21.17.47:925][165]LogModuleManager: Shutting down and abandoning module ProceduralMeshComponentEditor (300)
[2018.01.16-21.17.47:925][165]LogModuleManager: Shutting down and abandoning module ProceduralMeshComponent (298)
[2018.01.16-21.17.47:925][165]LogModuleManager: Shutting down and abandoning module OculusLibrary (296)
[2018.01.16-21.17.47:925][165]LogModuleManager: Shutting down and abandoning module OculusInput (294)
[2018.01.16-21.17.47:925][165]LogModuleManager: Shutting down and abandoning module MobilePatchingUtils (292)
[2018.01.16-21.17.47:925][165]LogModuleManager: Shutting down and abandoning module CustomMeshComponent (290)
[2018.01.16-21.17.47:925][165]LogModuleManager: Shutting down and abandoning module CableComponent (288)
[2018.01.16-21.17.47:925][165]LogModuleManager: Shutting down and abandoning module ArchVisCharacter (286)
[2018.01.16-21.17.47:925][165]LogModuleManager: Shutting down and abandoning module MediaPlayerEditor (282)
[2018.01.16-21.17.47:926][165]LogModuleManager: Shutting down and abandoning module HTML5Networking (280)
[2018.01.16-21.17.47:926][165]LogModuleManager: Shutting down and abandoning module AlembicImporter (278)
[2018.01.16-21.17.47:926][165]LogModuleManager: Shutting down and abandoning module AlembicLibrary (277)
[2018.01.16-21.17.47:926][165]LogModuleManager: Shutting down and abandoning module GeometryCache (276)
[2018.01.16-21.17.47:926][165]LogModuleManager: Shutting down and abandoning module GeometryCacheEd (275)
[2018.01.16-21.17.47:926][165]LogModuleManager: Shutting down and abandoning module SuperSearchEditor (270)
[2018.01.16-21.17.47:926][165]LogModuleManager: Shutting down and abandoning module SuperSearch (269)
[2018.01.16-21.17.47:926][165]LogModuleManager: Shutting down and abandoning module SpeedTreeImporter (266)
[2018.01.16-21.17.47:926][165]LogModuleManager: Shutting down and abandoning module PluginBrowser (264)
[2018.01.16-21.17.47:926][165]LogModuleManager: Shutting down and abandoning module MobileLauncherProfileWizard (262)
[2018.01.16-21.17.47:926][165]LogModuleManager: Shutting down and abandoning module EpicSurvey (260)
[2018.01.16-21.17.47:926][165]LogModuleManager: Shutting down and abandoning module VisualStudioSourceCodeAccess (258)
[2018.01.16-21.17.47:926][165]LogModuleManager: Shutting down and abandoning module DesktopPlatform (257)
[2018.01.16-21.17.47:926][165]LogModuleManager: Shutting down and abandoning module UObjectPlugin (254)
[2018.01.16-21.17.47:926][165]LogModuleManager: Shutting down and abandoning module SubversionSourceControl (252)
[2018.01.16-21.17.47:926][165]LogModuleManager: Shutting down and abandoning module PerforceSourceControl (250)
[2018.01.16-21.17.47:926][165]LogModuleManager: Shutting down and abandoning module GitSourceControl (248)
[2018.01.16-21.17.47:926][165]LogModuleManager: Shutting down and abandoning module SourceControl (247)
[2018.01.16-21.17.47:926][165]LogModuleManager: Shutting down and abandoning module LightPropagationVolumeEditor (244)
[2018.01.16-21.17.47:926][165]LogModuleManager: Shutting down and abandoning module PaperTiledImporter (242)
[2018.01.16-21.17.47:926][165]LogModuleManager: Shutting down and abandoning module PaperSpriteSheetImporter (240)
[2018.01.16-21.17.47:926][165]LogModuleManager: Shutting down and abandoning module Paper2DEditor (238)
[2018.01.16-21.17.47:927][165]LogModuleManager: Shutting down and abandoning module MeshPaint (237)
[2018.01.16-21.17.47:927][165]LogModuleManager: Shutting down and abandoning module LevelEditor (235)
[2018.01.16-21.17.47:929][165]LogModuleManager: Shutting down and abandoning module PixelInspectorModule (234)
[2018.01.16-21.17.47:929][165]LogModuleManager: Shutting down and abandoning module MainFrame (232)
[2018.01.16-21.17.47:929][165]LogModuleManager: Shutting down and abandoning module HotReload (231)
[2018.01.16-21.17.47:929][165]LogDirectoryWatcher: A directory notification for 'E:/repos/04_BattleTank/BattleTank/Binaries/Win64' was aborted.
[2018.01.16-21.17.47:930][165]LogModuleManager: Shutting down and abandoning module ContentBrowser (227)
[2018.01.16-21.17.47:933][165]LogModuleManager: Shutting down and abandoning module BattleTank (224)
[2018.01.16-21.17.47:933][165]LogModuleManager: Shutting down and abandoning module PhysXVehiclesEditor (222)
[2018.01.16-21.17.47:933][165]LogModuleManager: Shutting down and abandoning module PhysXVehicles (220)
[2018.01.16-21.17.47:933][165]LogModuleManager: Shutting down and abandoning module LocationServicesBPLibrary (218)
[2018.01.16-21.17.47:933][165]LogModuleManager: Shutting down and abandoning module UdpMessaging (216)
[2018.01.16-21.17.48:035][165]LogModuleManager: Shutting down and abandoning module TcpMessaging (214)
[2018.01.16-21.17.48:136][165]LogModuleManager: Shutting down and abandoning module GameplayTagsEditor (212)
[2018.01.16-21.17.48:136][165]LogModuleManager: Shutting down and abandoning module FacialAnimationEditor (210)
[2018.01.16-21.17.48:136][165]LogModuleManager: Shutting down and abandoning module FacialAnimation (208)
[2018.01.16-21.17.48:136][165]LogModuleManager: Shutting down and abandoning module LightPropagationVolumeRuntime (206)
[2018.01.16-21.17.48:136][165]LogModuleManager: Shutting down and abandoning module Paper2D (204)
[2018.01.16-21.17.48:136][165]LogModuleManager: Shutting down and abandoning module WindowsMoviePlayer (202)
[2018.01.16-21.17.48:136][165]LogModuleManager: Shutting down and abandoning module WmfMedia (200)
[2018.01.16-21.17.48:137][165]LogModuleManager: Shutting down and abandoning module MfMedia (198)
[2018.01.16-21.17.48:137][165]LogModuleManager: Shutting down and abandoning module MediaAssets (196)
[2018.01.16-21.17.48:137][165]LogModuleManager: Shutting down and abandoning module GameLiveStreaming (194)
[2018.01.16-21.17.48:138][165]LogModuleManager: Shutting down and abandoning module VREditor (192)
[2018.01.16-21.17.48:138][165]LogModuleManager: Shutting down and abandoning module GameplayTasksEditor (190)
[2018.01.16-21.17.48:138][165]LogModuleManager: Shutting down and abandoning module BehaviorTreeEditor (188)
[2018.01.16-21.17.48:138][165]LogModuleManager: Shutting down and abandoning module FunctionalTesting (186)
[2018.01.16-21.17.48:138][165]LogModuleManager: Shutting down and abandoning module CollisionAnalyzer (184)
[2018.01.16-21.17.48:138][165]LogModuleManager: Shutting down and abandoning module UMG (182)
[2018.01.16-21.17.48:138][165]LogModuleManager: Shutting down and abandoning module UMGEditor (181)
[2018.01.16-21.17.48:138][165]LogModuleManager: Shutting down and abandoning module Sequencer (180)
[2018.01.16-21.17.48:138][165]LogModuleManager: Shutting down and abandoning module AssetTools (178)
[2018.01.16-21.17.48:138][165]LogModuleManager: Shutting down and abandoning module MessageLog (177)
[2018.01.16-21.17.48:138][165]LogModuleManager: Shutting down and abandoning module WorkspaceMenuStructure (176)
[2018.01.16-21.17.48:138][165]LogModuleManager: Shutting down and abandoning module SlateReflector (170)
[2018.01.16-21.17.48:138][165]LogModuleManager: Shutting down and abandoning module Slate (168)
[2018.01.16-21.17.48:138][165]LogModuleManager: Shutting down and abandoning module EditorStyle (166)
[2018.01.16-21.17.48:142][165]LogModuleManager: Shutting down and abandoning module SourceCodeAccess (164)
[2018.01.16-21.17.48:142][165]LogModuleManager: Shutting down and abandoning module HeadMountedDisplay (162)
[2018.01.16-21.17.48:142][165]LogModuleManager: Shutting down and abandoning module XAudio2 (160)
[2018.01.16-21.17.48:142][165]LogModuleManager: Shutting down and abandoning module Networking (158)
[2018.01.16-21.17.48:142][165]LogModuleManager: Shutting down and abandoning module Core (154)
[2018.01.16-21.17.48:142][165]LogModuleManager: Shutting down and abandoning module AssetRegistry (152)
[2018.01.16-21.17.48:364][165]LogDirectoryWatcher: A directory notification for '../../../Engine/Content/' was aborted.
[2018.01.16-21.17.48:364][165]LogDirectoryWatcher: A directory notification for '../../../../repos/04_BattleTank/BattleTank/Content/' was aborted.
[2018.01.16-21.17.48:364][165]LogDirectoryWatcher: A directory notification for '../../../Engine/Plugins/2D/Paper2D/Content/' was aborted.
[2018.01.16-21.17.48:364][165]LogModuleManager: Shutting down and abandoning module DirectoryWatcher (151)
[2018.01.16-21.17.48:365][165]LogModuleManager: Shutting down and abandoning module KismetCompiler (148)
[2018.01.16-21.17.48:365][165]LogModuleManager: Shutting down and abandoning module PhysXFormats (146)
[2018.01.16-21.17.48:365][165]LogModuleManager: Shutting down and abandoning module MeshUtilities (144)
[2018.01.16-21.17.48:365][165]LogModuleManager: Shutting down and abandoning module SimplygonSwarm (143)
[2018.01.16-21.17.48:365][165]LogModuleManager: Shutting down and abandoning module SimplygonMeshReduction (141)
[2018.01.16-21.17.48:365][165]LogModuleManager: Shutting down and abandoning module QuadricMeshReduction (139)
[2018.01.16-21.17.48:365][165]LogModuleManager: Shutting down and abandoning module PropertyEditor (137)
[2018.01.16-21.17.48:365][165]LogModuleManager: Shutting down and abandoning module DerivedDataCache (134)
[2018.01.16-21.17.48:378][165]LogDerivedDataCache: Shutdown
[2018.01.16-21.17.48:378][165]LogModuleManager: Shutting down and abandoning module TargetPlatform (132)
[2018.01.16-21.17.48:378][165]LogModuleManager: Shutting down and abandoning module VulkanShaderFormat (131)
[2018.01.16-21.17.48:378][165]LogModuleManager: Shutting down and abandoning module ShaderFormatOpenGL (129)
[2018.01.16-21.17.48:378][165]LogModuleManager: Shutting down and abandoning module ShaderFormatD3D (127)
[2018.01.16-21.17.48:378][165]LogModuleManager: Shutting down and abandoning module MetalShaderFormat (125)
[2018.01.16-21.17.48:378][165]LogModuleManager: Shutting down and abandoning module TextureFormatUncompressed (123)
[2018.01.16-21.17.48:378][165]LogModuleManager: Shutting down and abandoning module TextureFormatPVR (121)
[2018.01.16-21.17.48:378][165]LogModuleManager: Shutting down and abandoning module TextureFormatDXT (119)
[2018.01.16-21.17.48:378][165]LogModuleManager: Shutting down and abandoning module TextureFormatIntelISPCTexComp (117)
[2018.01.16-21.17.48:378][165]LogModuleManager: Shutting down and abandoning module TextureFormatASTC (115)
[2018.01.16-21.17.48:378][165]LogModuleManager: Shutting down and abandoning module ImageWrapper (114)
[2018.01.16-21.17.48:378][165]LogModuleManager: Shutting down and abandoning module TextureFormatAndroid (111)
[2018.01.16-21.17.48:378][165]LogModuleManager: Shutting down and abandoning module AudioFormatOpus (109)
[2018.01.16-21.17.48:378][165]LogModuleManager: Shutting down and abandoning module AudioFormatOgg (107)
[2018.01.16-21.17.48:378][165]LogModuleManager: Shutting down and abandoning module AudioFormatADPCM (105)
[2018.01.16-21.17.48:378][165]LogModuleManager: Shutting down and abandoning module LinuxTargetPlatform (103)
[2018.01.16-21.17.48:378][165]LogModuleManager: Shutting down and abandoning module LinuxServerTargetPlatform (101)
[2018.01.16-21.17.48:378][165]LogModuleManager: Shutting down and abandoning module LinuxNoEditorTargetPlatform (99)
[2018.01.16-21.17.48:378][165]LogModuleManager: Shutting down and abandoning module LinuxClientTargetPlatform (97)
[2018.01.16-21.17.48:378][165]LogModuleManager: Shutting down and abandoning module TVOSTargetPlatform (95)
[2018.01.16-21.17.48:378][165]LogModuleManager: Shutting down and abandoning module Messaging (93)
[2018.01.16-21.17.48:378][165]LogModuleManager: Shutting down and abandoning module IOSTargetPlatform (91)
[2018.01.16-21.17.48:378][165]LogModuleManager: Shutting down and abandoning module HTML5TargetPlatform (89)
[2018.01.16-21.17.48:378][165]LogModuleManager: Shutting down and abandoning module Android_PVRTCTargetPlatform (87)
[2018.01.16-21.17.48:378][165]LogModuleManager: Shutting down and abandoning module Android_MultiTargetPlatform (85)
[2018.01.16-21.17.48:378][165]LogModuleManager: Shutting down and abandoning module Android_ETC2TargetPlatform (83)
[2018.01.16-21.17.48:378][165]LogModuleManager: Shutting down and abandoning module Android_ETC1TargetPlatform (81)
[2018.01.16-21.17.48:378][165]LogModuleManager: Shutting down and abandoning module Android_DXTTargetPlatform (79)
[2018.01.16-21.17.48:378][165]LogModuleManager: Shutting down and abandoning module Android_ATCTargetPlatform (77)
[2018.01.16-21.17.48:378][165]LogModuleManager: Shutting down and abandoning module Android_ASTCTargetPlatform (75)
[2018.01.16-21.17.48:378][165]LogModuleManager: Shutting down and abandoning module AndroidTargetPlatform (73)
[2018.01.16-21.17.48:378][165]LogModuleManager: Shutting down and abandoning module WindowsTargetPlatform (71)
[2018.01.16-21.17.48:378][165]LogModuleManager: Shutting down and abandoning module WindowsServerTargetPlatform (69)
[2018.01.16-21.17.48:378][165]LogModuleManager: Shutting down and abandoning module WindowsNoEditorTargetPlatform (67)
[2018.01.16-21.17.48:378][165]LogModuleManager: Shutting down and abandoning module WindowsClientTargetPlatform (65)
[2018.01.16-21.17.48:378][165]LogModuleManager: Shutting down and abandoning module MacTargetPlatform (63)
[2018.01.16-21.17.48:378][165]LogModuleManager: Shutting down and abandoning module MacServerTargetPlatform (61)
[2018.01.16-21.17.48:379][165]LogModuleManager: Shutting down and abandoning module MacNoEditorTargetPlatform (59)
[2018.01.16-21.17.48:379][165]LogModuleManager: Shutting down and abandoning module MacClientTargetPlatform (57)
[2018.01.16-21.17.48:379][165]LogModuleManager: Shutting down and abandoning module AllDesktopTargetPlatform (55)
[2018.01.16-21.17.48:379][165]LogModuleManager: Shutting down and abandoning module InputCore (52)
[2018.01.16-21.17.48:379][165]LogModuleManager: Shutting down and abandoning module Settings (50)
[2018.01.16-21.17.48:379][165]LogModuleManager: Shutting down and abandoning module OculusRift (48)
[2018.01.16-21.17.48:379][165]LogModuleManager: Shutting down and abandoning module GearVR (46)
[2018.01.16-21.17.48:379][165]LogModuleManager: Shutting down and abandoning module ExampleDeviceProfileSelector (44)
[2018.01.16-21.17.48:379][165]LogModuleManager: Shutting down and abandoning module OnlineBlueprintSupport (42)
[2018.01.16-21.17.48:379][165]LogModuleManager: Shutting down and abandoning module OnlineSubsystem (38)
[2018.01.16-21.17.48:379][165]LogOnline:Display: Unloading online subsystem: NULL
[2018.01.16-21.17.48:379][165]LogModuleManager: Shutting down and abandoning module XMPP (37)
[2018.01.16-21.17.48:379][165]LogModuleManager: Shutting down and abandoning module HTTP (35)
[2018.01.16-21.17.48:379][165]LogHttp:Display: Http module shutting down, but needs to wait on 1 outstanding Http requests:
[2018.01.16-21.17.48:379][165]LogHttp:Display: 	verb=[POST] url=[https://datarouter.ol.epicgames.com/datarouter/api/v1/public/data?SessionID=%7BE172697D-4985-7316-8DF9-43BBA0C2990F%7D&AppID=UEEditor.Rocket.Release&AppVersion=4.15.3-3450819%2B%2B%2BUE4%2BRelease-4.15&UserID=378dcca348bf8477328b32829acfef5e%7Cc15e907d970843dd860c8fe92883b42e%7C09a74135-a755-4450-b7d2-54aaedada35d&AppEnvironment=datacollector-binary&UploadType=eteventstream] status=Processing
[2018.01.16-21.17.48:402][165]LogModuleManager: Shutting down and abandoning module SSL (34)
[2018.01.16-21.17.48:407][165]LogModuleManager: Shutting down and abandoning module AudioEditor (30)
[2018.01.16-21.17.48:407][165]LogModuleManager: Shutting down and abandoning module TextureCompressor (28)
[2018.01.16-21.17.48:407][165]LogModuleManager: Shutting down and abandoning module ShaderCore (26)
[2018.01.16-21.17.48:407][165]LogModuleManager: Shutting down and abandoning module Landscape (24)
[2018.01.16-21.17.48:407][165]LogModuleManager: Shutting down and abandoning module SlateRHIRenderer (22)
[2018.01.16-21.17.48:410][165]LogModuleManager: Shutting down and abandoning module OpenGLDrv (20)
[2018.01.16-21.17.48:410][165]LogModuleManager: Shutting down and abandoning module D3D11RHI (18)
[2018.01.16-21.17.48:410][165]LogModuleManager: Shutting down and abandoning module AnimGraphRuntime (16)
[2018.01.16-21.17.48:410][165]LogModuleManager: Shutting down and abandoning module Renderer (14)
[2018.01.16-21.17.48:410][165]LogModuleManager: Shutting down and abandoning module Engine (12)
[2018.01.16-21.17.48:410][165]LogModuleManager: Shutting down and abandoning module CoreUObject (10)
[2018.01.16-21.17.48:410][165]LogModuleManager: Shutting down and abandoning module NetworkFile (8)
[2018.01.16-21.17.48:410][165]LogModuleManager: Shutting down and abandoning module StreamingFile (6)
[2018.01.16-21.17.48:410][165]LogModuleManager: Shutting down and abandoning module SandboxFile (4)
[2018.01.16-21.17.48:410][165]LogModuleManager: Shutting down and abandoning module PakFile (2)
[2018.01.16-21.17.48:415][165]LogExit: Exiting.
[2018.01.16-21.17.48:435][165]Log file closed, 01/16/18 16:17:48
